2018-05-29-23-31 [main] [org.springframework.boot.test.context.SpringBootTestContextBootstrapper] [INFO] - Neither @ContextConfiguration nor @ContextHierarchy found for test class [com.iflytek.chy.DemoSpringbootAopLogApplicationTests], using SpringBootContextLoader
2018-05-29-23-31 [main] [org.springframework.test.context.support.AbstractContextLoader] [INFO] - Could not detect default resource locations for test class [com.iflytek.chy.DemoSpringbootAopLogApplicationTests]: no resource found for suffixes {-context.xml, Context.groovy}.
2018-05-29-23-31 [main] [org.springframework.boot.test.context.SpringBootTestContextBootstrapper] [INFO] - Loaded default TestExecutionListener class names from location [META-INF/spring.factories]: [org.springframework.boot.test.mock.mockito.MockitoTestExecutionListener, org.springframework.boot.test.mock.mockito.ResetMocksTestExecutionListener, org.springframework.boot.test.autoconfigure.restdocs.RestDocsTestExecutionListener, org.springframework.boot.test.autoconfigure.web.client.MockRestServiceServerResetTestExecutionListener, org.springframework.boot.test.autoconfigure.web.servlet.MockMvcPrintOnlyOnFailureTestExecutionListener, org.springframework.boot.test.autoconfigure.web.servlet.WebDriverTestExecutionListener, org.springframework.test.context.web.ServletTestExecutionListener, org.springframework.test.context.support.DirtiesContextBeforeModesTestExecutionListener, org.springframework.test.context.support.DependencyInjectionTestExecutionListener, org.springframework.test.context.support.DirtiesContextTestExecutionListener, org.springframework.test.context.transaction.TransactionalTestExecutionListener, org.springframework.test.context.jdbc.SqlScriptsTestExecutionListener]
2018-05-29-23-31 [main] [org.springframework.boot.test.context.SpringBootTestContextBootstrapper] [INFO] - Using TestExecutionListeners: [org.springframework.test.context.web.ServletTestExecutionListener@5faeada1, org.springframework.test.context.support.DirtiesContextBeforeModesTestExecutionListener@528931cf, org.springframework.boot.test.mock.mockito.MockitoTestExecutionListener@ea1a8d5, org.springframework.boot.test.autoconfigure.SpringBootDependencyInjectionTestExecutionListener@1563da5, org.springframework.test.context.support.DirtiesContextTestExecutionListener@2bbf4b8b, org.springframework.test.context.transaction.TransactionalTestExecutionListener@30a3107a, org.springframework.test.context.jdbc.SqlScriptsTestExecutionListener@33c7e1bb, org.springframework.boot.test.mock.mockito.ResetMocksTestExecutionListener@34c4973, org.springframework.boot.test.autoconfigure.restdocs.RestDocsTestExecutionListener@52feb982, org.springframework.boot.test.autoconfigure.web.client.MockRestServiceServerResetTestExecutionListener@7a765367, org.springframework.boot.test.autoconfigure.web.servlet.MockMvcPrintOnlyOnFailureTestExecutionListener@76b0bfab, org.springframework.boot.test.autoconfigure.web.servlet.WebDriverTestExecutionListener@17d677df]
2018-05-29-23-31 [main] [com.iflytek.chy.DemoSpringbootAopLogApplicationTests] [INFO] - Starting DemoSpringbootAopLogApplicationTests on DESKTOP-IIAKF39 with PID 352 (started by chyoung in D:\JavaWorkspace\aop-logger)
2018-05-29-23-31 [main] [com.iflytek.chy.DemoSpringbootAopLogApplicationTests] [INFO] - No active profile set, falling back to default profiles: default
2018-05-29-23-31 [main] [org.springframework.web.context.support.GenericWebApplicationContext] [INFO] - Refreshing org.springframework.web.context.support.GenericWebApplicationContext@131774fe: startup date [Tue May 29 23:31:32 CST 2018]; root of context hierarchy
2018-05-29-23-31 [background-preinit] [org.hibernate.validator.internal.util.Version] [INFO] - HV000001: Hibernate Validator 5.3.6.Final
2018-05-29-23-31 [main] [org.springframework.web.servlet.mvc.method.annotation.RequestMappingHandlerAdapter] [INFO] - Looking for @ControllerAdvice: org.springframework.web.context.support.GenericWebApplicationContext@131774fe: startup date [Tue May 29 23:31:32 CST 2018]; root of context hierarchy
2018-05-29-23-31 [main] [org.springframework.web.servlet.mvc.method.annotation.RequestMappingHandlerMapping] [INFO] - Mapped "{[/error]}" onto public org.springframework.http.ResponseEntity<java.util.Map<java.lang.String, java.lang.Object>> org.springframework.boot.autoconfigure.web.BasicErrorController.error(javax.servlet.http.HttpServletRequest)
2018-05-29-23-31 [main] [org.springframework.web.servlet.mvc.method.annotation.RequestMappingHandlerMapping] [INFO] - Mapped "{[/error],produces=[text/html]}" onto public org.springframework.web.servlet.ModelAndView org.springframework.boot.autoconfigure.web.BasicErrorController.errorHtml(javax.servlet.http.HttpServletRequest,javax.servlet.http.HttpServletResponse)
2018-05-29-23-31 [main] [org.springframework.web.servlet.handler.SimpleUrlHandlerMapping] [INFO] - Mapped URL path [/webjars/**] onto handler of type [class org.springframework.web.servlet.resource.ResourceHttpRequestHandler]
2018-05-29-23-31 [main] [org.springframework.web.servlet.handler.SimpleUrlHandlerMapping] [INFO] - Mapped URL path [/**] onto handler of type [class org.springframework.web.servlet.resource.ResourceHttpRequestHandler]
2018-05-29-23-31 [main] [org.springframework.web.servlet.handler.SimpleUrlHandlerMapping] [INFO] - Mapped URL path [/**/favicon.ico] onto handler of type [class org.springframework.web.servlet.resource.ResourceHttpRequestHandler]
2018-05-29-23-31 [main] [org.springframework.boot.actuate.endpoint.mvc.EndpointHandlerMapping] [INFO] - Mapped "{[/env/{name:.*}],methods=[GET],produces=[application/vnd.spring-boot.actuator.v1+json || application/json]}" onto public java.lang.Object org.springframework.boot.actuate.endpoint.mvc.EnvironmentMvcEndpoint.value(java.lang.String)
2018-05-29-23-31 [main] [org.springframework.boot.actuate.endpoint.mvc.EndpointHandlerMapping] [INFO] - Mapped "{[/env || /env.json],methods=[GET],produces=[application/vnd.spring-boot.actuator.v1+json || application/json]}" onto public java.lang.Object org.springframework.boot.actuate.endpoint.mvc.EndpointMvcAdapter.invoke()
2018-05-29-23-31 [main] [org.springframework.boot.actuate.endpoint.mvc.EndpointHandlerMapping] [INFO] - Mapped "{[/autoconfig || /autoconfig.json],methods=[GET],produces=[application/vnd.spring-boot.actuator.v1+json || application/json]}" onto public java.lang.Object org.springframework.boot.actuate.endpoint.mvc.EndpointMvcAdapter.invoke()
2018-05-29-23-31 [main] [org.springframework.boot.actuate.endpoint.mvc.EndpointHandlerMapping] [INFO] - Mapped "{[/health || /health.json],methods=[GET],produces=[application/vnd.spring-boot.actuator.v1+json || application/json]}" onto public java.lang.Object org.springframework.boot.actuate.endpoint.mvc.HealthMvcEndpoint.invoke(javax.servlet.http.HttpServletRequest,java.security.Principal)
2018-05-29-23-31 [main] [org.springframework.boot.actuate.endpoint.mvc.EndpointHandlerMapping] [INFO] - Mapped "{[/dump || /dump.json],methods=[GET],produces=[application/vnd.spring-boot.actuator.v1+json || application/json]}" onto public java.lang.Object org.springframework.boot.actuate.endpoint.mvc.EndpointMvcAdapter.invoke()
2018-05-29-23-31 [main] [org.springframework.boot.actuate.endpoint.mvc.EndpointHandlerMapping] [INFO] - Mapped "{[/heapdump || /heapdump.json],methods=[GET],produces=[application/octet-stream]}" onto public void org.springframework.boot.actuate.endpoint.mvc.HeapdumpMvcEndpoint.invoke(boolean,javax.servlet.http.HttpServletRequest,javax.servlet.http.HttpServletResponse) throws java.io.IOException,javax.servlet.ServletException
2018-05-29-23-31 [main] [org.springframework.boot.actuate.endpoint.mvc.EndpointHandlerMapping] [INFO] - Mapped "{[/beans || /beans.json],methods=[GET],produces=[application/vnd.spring-boot.actuator.v1+json || application/json]}" onto public java.lang.Object org.springframework.boot.actuate.endpoint.mvc.EndpointMvcAdapter.invoke()
2018-05-29-23-31 [main] [org.springframework.boot.actuate.endpoint.mvc.EndpointHandlerMapping] [INFO] - Mapped "{[/metrics/{name:.*}],methods=[GET],produces=[application/vnd.spring-boot.actuator.v1+json || application/json]}" onto public java.lang.Object org.springframework.boot.actuate.endpoint.mvc.MetricsMvcEndpoint.value(java.lang.String)
2018-05-29-23-31 [main] [org.springframework.boot.actuate.endpoint.mvc.EndpointHandlerMapping] [INFO] - Mapped "{[/metrics || /metrics.json],methods=[GET],produces=[application/vnd.spring-boot.actuator.v1+json || application/json]}" onto public java.lang.Object org.springframework.boot.actuate.endpoint.mvc.EndpointMvcAdapter.invoke()
2018-05-29-23-31 [main] [org.springframework.boot.actuate.endpoint.mvc.EndpointHandlerMapping] [INFO] - Mapped "{[/mappings || /mappings.json],methods=[GET],produces=[application/vnd.spring-boot.actuator.v1+json || application/json]}" onto public java.lang.Object org.springframework.boot.actuate.endpoint.mvc.EndpointMvcAdapter.invoke()
2018-05-29-23-31 [main] [org.springframework.boot.actuate.endpoint.mvc.EndpointHandlerMapping] [INFO] - Mapped "{[/trace || /trace.json],methods=[GET],produces=[application/vnd.spring-boot.actuator.v1+json || application/json]}" onto public java.lang.Object org.springframework.boot.actuate.endpoint.mvc.EndpointMvcAdapter.invoke()
2018-05-29-23-31 [main] [org.springframework.boot.actuate.endpoint.mvc.EndpointHandlerMapping] [INFO] - Mapped "{[/configprops || /configprops.json],methods=[GET],produces=[application/vnd.spring-boot.actuator.v1+json || application/json]}" onto public java.lang.Object org.springframework.boot.actuate.endpoint.mvc.EndpointMvcAdapter.invoke()
2018-05-29-23-31 [main] [org.springframework.boot.actuate.endpoint.mvc.EndpointHandlerMapping] [INFO] - Mapped "{[/info || /info.json],methods=[GET],produces=[application/vnd.spring-boot.actuator.v1+json || application/json]}" onto public java.lang.Object org.springframework.boot.actuate.endpoint.mvc.EndpointMvcAdapter.invoke()
2018-05-29-23-31 [main] [org.springframework.boot.actuate.endpoint.mvc.EndpointHandlerMapping] [INFO] - Mapped "{[/loggers/{name:.*}],methods=[GET],produces=[application/vnd.spring-boot.actuator.v1+json || application/json]}" onto public java.lang.Object org.springframework.boot.actuate.endpoint.mvc.LoggersMvcEndpoint.get(java.lang.String)
2018-05-29-23-31 [main] [org.springframework.boot.actuate.endpoint.mvc.EndpointHandlerMapping] [INFO] - Mapped "{[/loggers/{name:.*}],methods=[POST],consumes=[application/vnd.spring-boot.actuator.v1+json || application/json],produces=[application/vnd.spring-boot.actuator.v1+json || application/json]}" onto public java.lang.Object org.springframework.boot.actuate.endpoint.mvc.LoggersMvcEndpoint.set(java.lang.String,java.util.Map<java.lang.String, java.lang.String>)
2018-05-29-23-31 [main] [org.springframework.boot.actuate.endpoint.mvc.EndpointHandlerMapping] [INFO] - Mapped "{[/loggers || /loggers.json],methods=[GET],produces=[application/vnd.spring-boot.actuator.v1+json || application/json]}" onto public java.lang.Object org.springframework.boot.actuate.endpoint.mvc.EndpointMvcAdapter.invoke()
2018-05-29-23-31 [main] [org.springframework.boot.actuate.endpoint.mvc.EndpointHandlerMapping] [INFO] - Mapped "{[/auditevents || /auditevents.json],methods=[GET],produces=[application/vnd.spring-boot.actuator.v1+json || application/json]}" onto public org.springframework.http.ResponseEntity<?> org.springframework.boot.actuate.endpoint.mvc.AuditEventsMvcEndpoint.findByPrincipalAndAfterAndType(java.lang.String,java.util.Date,java.lang.String)
2018-05-29-23-31 [main] [com.iflytek.chy.DemoSpringbootAopLogApplicationTests] [INFO] - Started DemoSpringbootAopLogApplicationTests in 5.348 seconds (JVM running for 6.604)
2018-05-29-23-31 [main] [com.iflytek.chy.aop.aspect.LogAspect] [INFO] - =====================开始执行前置通知==================
2018-05-29-23-31 [main] [com.iflytek.chy.aop.aspect.LogAspect] [INFO] - [X用户]执行了[新增用户信息测试操作。。。。。],类:com.iflytek.chy.service.TestServiceImp,方法名：insert,参数:{key1=v1, key2=v2}&000&
2018-05-29-23-31 [main] [com.iflytek.chy.aop.aspect.LogAspect] [INFO] - =====================执行前置通知结束==================
2018-05-29-23-31 [main] [com.iflytek.chy.aop.aspect.LogAspect] [INFO] - [X用户]执行了[新增用户信息测试操作。。。。。],类:com.iflytek.chy.service.TestServiceImp,方法名：insert,参数:{key1=v1, key2=v2}&000&
2018-05-29-23-31 [main] [com.iflytek.chy.aop.aspect.LogAspect] [INFO] - =====================开始执行前置通知==================
2018-05-29-23-31 [main] [com.iflytek.chy.aop.aspect.LogAspect] [INFO] - [X用户]执行了[更新用户信息操作....],类:com.iflytek.chy.service.TestServiceImp,方法名：update,参数:name&id&
2018-05-29-23-31 [main] [com.iflytek.chy.aop.aspect.LogAspect] [INFO] - =====================执行前置通知结束==================
2018-05-29-23-31 [main] [com.iflytek.chy.aop.aspect.LogAspect] [INFO] - [X用户]执行了[更新用户信息操作....],类:com.iflytek.chy.service.TestServiceImp,方法名：update,参数:name&id&
2018-05-29-23-31 [main] [com.iflytek.chy.aop.aspect.LogAspect] [INFO] - =====================开始执行前置通知==================
2018-05-29-23-31 [main] [com.iflytek.chy.aop.aspect.LogAspect] [INFO] - [X用户]执行了[删除操作。。。。],类:com.iflytek.chy.service.TestServiceImp,方法名：delete,参数:leftso&
2018-05-29-23-31 [main] [com.iflytek.chy.aop.aspect.LogAspect] [INFO] - =====================执行前置通知结束==================
2018-05-29-23-31 [main] [com.iflytek.chy.aop.aspect.LogAspect] [INFO] - [X用户]执行了[删除操作。。。。],类:com.iflytek.chy.service.TestServiceImp,方法名：delete,参数:leftso&
2018-05-29-23-31 [main] [com.iflytek.chy.aop.aspect.LogAspect] [INFO] - =====================开始执行前置通知==================
2018-05-29-23-31 [main] [com.iflytek.chy.aop.aspect.LogAspect] [INFO] - [X用户]执行了[异常操作测试],类:com.iflytek.chy.service.TestServiceImp,方法名：doError,参数:leftso.com&
2018-05-29-23-31 [main] [com.iflytek.chy.aop.aspect.LogAspect] [INFO] - =====================执行前置通知结束==================
2018-05-29-23-31 [main] [com.iflytek.chy.aop.aspect.LogAspect] [INFO] - 异常方法:com.iflytek.chy.service.TestServiceImp.doError();参数:leftso.com&,处理了:异常操作测试
2018-05-29-23-31 [main] [com.iflytek.chy.aop.aspect.LogAspect] [INFO] - 异常信息:/ by zero
2018-05-29-23-31 [Thread-3] [org.springframework.web.context.support.GenericWebApplicationContext] [INFO] - Closing org.springframework.web.context.support.GenericWebApplicationContext@131774fe: startup date [Tue May 29 23:31:32 CST 2018]; root of context hierarchy
2018-05-29-23-34 [main] [org.springframework.boot.test.context.SpringBootTestContextBootstrapper] [INFO] - Neither @ContextConfiguration nor @ContextHierarchy found for test class [com.iflytek.chy.DemoSpringbootAopLogApplicationTests], using SpringBootContextLoader
2018-05-29-23-34 [main] [org.springframework.test.context.support.AbstractContextLoader] [INFO] - Could not detect default resource locations for test class [com.iflytek.chy.DemoSpringbootAopLogApplicationTests]: no resource found for suffixes {-context.xml, Context.groovy}.
2018-05-29-23-34 [main] [org.springframework.boot.test.context.SpringBootTestContextBootstrapper] [INFO] - Loaded default TestExecutionListener class names from location [META-INF/spring.factories]: [org.springframework.boot.test.mock.mockito.MockitoTestExecutionListener, org.springframework.boot.test.mock.mockito.ResetMocksTestExecutionListener, org.springframework.boot.test.autoconfigure.restdocs.RestDocsTestExecutionListener, org.springframework.boot.test.autoconfigure.web.client.MockRestServiceServerResetTestExecutionListener, org.springframework.boot.test.autoconfigure.web.servlet.MockMvcPrintOnlyOnFailureTestExecutionListener, org.springframework.boot.test.autoconfigure.web.servlet.WebDriverTestExecutionListener, org.springframework.test.context.web.ServletTestExecutionListener, org.springframework.test.context.support.DirtiesContextBeforeModesTestExecutionListener, org.springframework.test.context.support.DependencyInjectionTestExecutionListener, org.springframework.test.context.support.DirtiesContextTestExecutionListener, org.springframework.test.context.transaction.TransactionalTestExecutionListener, org.springframework.test.context.jdbc.SqlScriptsTestExecutionListener]
2018-05-29-23-34 [main] [org.springframework.boot.test.context.SpringBootTestContextBootstrapper] [INFO] - Using TestExecutionListeners: [org.springframework.test.context.web.ServletTestExecutionListener@5faeada1, org.springframework.test.context.support.DirtiesContextBeforeModesTestExecutionListener@528931cf, org.springframework.boot.test.mock.mockito.MockitoTestExecutionListener@ea1a8d5, org.springframework.boot.test.autoconfigure.SpringBootDependencyInjectionTestExecutionListener@1563da5, org.springframework.test.context.support.DirtiesContextTestExecutionListener@2bbf4b8b, org.springframework.test.context.transaction.TransactionalTestExecutionListener@30a3107a, org.springframework.test.context.jdbc.SqlScriptsTestExecutionListener@33c7e1bb, org.springframework.boot.test.mock.mockito.ResetMocksTestExecutionListener@34c4973, org.springframework.boot.test.autoconfigure.restdocs.RestDocsTestExecutionListener@52feb982, org.springframework.boot.test.autoconfigure.web.client.MockRestServiceServerResetTestExecutionListener@7a765367, org.springframework.boot.test.autoconfigure.web.servlet.MockMvcPrintOnlyOnFailureTestExecutionListener@76b0bfab, org.springframework.boot.test.autoconfigure.web.servlet.WebDriverTestExecutionListener@17d677df]
2018-05-29-23-34 [main] [com.iflytek.chy.DemoSpringbootAopLogApplicationTests] [INFO] - Starting DemoSpringbootAopLogApplicationTests on DESKTOP-IIAKF39 with PID 12264 (started by chyoung in D:\JavaWorkspace\aop-logger)
2018-05-29-23-34 [main] [com.iflytek.chy.DemoSpringbootAopLogApplicationTests] [INFO] - No active profile set, falling back to default profiles: default
2018-05-29-23-34 [main] [org.springframework.web.context.support.GenericWebApplicationContext] [INFO] - Refreshing org.springframework.web.context.support.GenericWebApplicationContext@131774fe: startup date [Tue May 29 23:34:46 CST 2018]; root of context hierarchy
2018-05-29-23-34 [background-preinit] [org.hibernate.validator.internal.util.Version] [INFO] - HV000001: Hibernate Validator 5.3.6.Final
2018-05-29-23-34 [main] [org.springframework.web.servlet.mvc.method.annotation.RequestMappingHandlerAdapter] [INFO] - Looking for @ControllerAdvice: org.springframework.web.context.support.GenericWebApplicationContext@131774fe: startup date [Tue May 29 23:34:46 CST 2018]; root of context hierarchy
2018-05-29-23-34 [main] [org.springframework.web.servlet.mvc.method.annotation.RequestMappingHandlerMapping] [INFO] - Mapped "{[/error]}" onto public org.springframework.http.ResponseEntity<java.util.Map<java.lang.String, java.lang.Object>> org.springframework.boot.autoconfigure.web.BasicErrorController.error(javax.servlet.http.HttpServletRequest)
2018-05-29-23-34 [main] [org.springframework.web.servlet.mvc.method.annotation.RequestMappingHandlerMapping] [INFO] - Mapped "{[/error],produces=[text/html]}" onto public org.springframework.web.servlet.ModelAndView org.springframework.boot.autoconfigure.web.BasicErrorController.errorHtml(javax.servlet.http.HttpServletRequest,javax.servlet.http.HttpServletResponse)
2018-05-29-23-34 [main] [org.springframework.web.servlet.handler.SimpleUrlHandlerMapping] [INFO] - Mapped URL path [/webjars/**] onto handler of type [class org.springframework.web.servlet.resource.ResourceHttpRequestHandler]
2018-05-29-23-34 [main] [org.springframework.web.servlet.handler.SimpleUrlHandlerMapping] [INFO] - Mapped URL path [/**] onto handler of type [class org.springframework.web.servlet.resource.ResourceHttpRequestHandler]
2018-05-29-23-34 [main] [org.springframework.web.servlet.handler.SimpleUrlHandlerMapping] [INFO] - Mapped URL path [/**/favicon.ico] onto handler of type [class org.springframework.web.servlet.resource.ResourceHttpRequestHandler]
2018-05-29-23-34 [main] [org.springframework.boot.actuate.endpoint.mvc.EndpointHandlerMapping] [INFO] - Mapped "{[/metrics/{name:.*}],methods=[GET],produces=[application/vnd.spring-boot.actuator.v1+json || application/json]}" onto public java.lang.Object org.springframework.boot.actuate.endpoint.mvc.MetricsMvcEndpoint.value(java.lang.String)
2018-05-29-23-34 [main] [org.springframework.boot.actuate.endpoint.mvc.EndpointHandlerMapping] [INFO] - Mapped "{[/metrics || /metrics.json],methods=[GET],produces=[application/vnd.spring-boot.actuator.v1+json || application/json]}" onto public java.lang.Object org.springframework.boot.actuate.endpoint.mvc.EndpointMvcAdapter.invoke()
2018-05-29-23-34 [main] [org.springframework.boot.actuate.endpoint.mvc.EndpointHandlerMapping] [INFO] - Mapped "{[/beans || /beans.json],methods=[GET],produces=[application/vnd.spring-boot.actuator.v1+json || application/json]}" onto public java.lang.Object org.springframework.boot.actuate.endpoint.mvc.EndpointMvcAdapter.invoke()
2018-05-29-23-34 [main] [org.springframework.boot.actuate.endpoint.mvc.EndpointHandlerMapping] [INFO] - Mapped "{[/configprops || /configprops.json],methods=[GET],produces=[application/vnd.spring-boot.actuator.v1+json || application/json]}" onto public java.lang.Object org.springframework.boot.actuate.endpoint.mvc.EndpointMvcAdapter.invoke()
2018-05-29-23-34 [main] [org.springframework.boot.actuate.endpoint.mvc.EndpointHandlerMapping] [INFO] - Mapped "{[/heapdump || /heapdump.json],methods=[GET],produces=[application/octet-stream]}" onto public void org.springframework.boot.actuate.endpoint.mvc.HeapdumpMvcEndpoint.invoke(boolean,javax.servlet.http.HttpServletRequest,javax.servlet.http.HttpServletResponse) throws java.io.IOException,javax.servlet.ServletException
2018-05-29-23-34 [main] [org.springframework.boot.actuate.endpoint.mvc.EndpointHandlerMapping] [INFO] - Mapped "{[/dump || /dump.json],methods=[GET],produces=[application/vnd.spring-boot.actuator.v1+json || application/json]}" onto public java.lang.Object org.springframework.boot.actuate.endpoint.mvc.EndpointMvcAdapter.invoke()
2018-05-29-23-34 [main] [org.springframework.boot.actuate.endpoint.mvc.EndpointHandlerMapping] [INFO] - Mapped "{[/loggers/{name:.*}],methods=[GET],produces=[application/vnd.spring-boot.actuator.v1+json || application/json]}" onto public java.lang.Object org.springframework.boot.actuate.endpoint.mvc.LoggersMvcEndpoint.get(java.lang.String)
2018-05-29-23-34 [main] [org.springframework.boot.actuate.endpoint.mvc.EndpointHandlerMapping] [INFO] - Mapped "{[/loggers/{name:.*}],methods=[POST],consumes=[application/vnd.spring-boot.actuator.v1+json || application/json],produces=[application/vnd.spring-boot.actuator.v1+json || application/json]}" onto public java.lang.Object org.springframework.boot.actuate.endpoint.mvc.LoggersMvcEndpoint.set(java.lang.String,java.util.Map<java.lang.String, java.lang.String>)
2018-05-29-23-34 [main] [org.springframework.boot.actuate.endpoint.mvc.EndpointHandlerMapping] [INFO] - Mapped "{[/loggers || /loggers.json],methods=[GET],produces=[application/vnd.spring-boot.actuator.v1+json || application/json]}" onto public java.lang.Object org.springframework.boot.actuate.endpoint.mvc.EndpointMvcAdapter.invoke()
2018-05-29-23-34 [main] [org.springframework.boot.actuate.endpoint.mvc.EndpointHandlerMapping] [INFO] - Mapped "{[/trace || /trace.json],methods=[GET],produces=[application/vnd.spring-boot.actuator.v1+json || application/json]}" onto public java.lang.Object org.springframework.boot.actuate.endpoint.mvc.EndpointMvcAdapter.invoke()
2018-05-29-23-34 [main] [org.springframework.boot.actuate.endpoint.mvc.EndpointHandlerMapping] [INFO] - Mapped "{[/info || /info.json],methods=[GET],produces=[application/vnd.spring-boot.actuator.v1+json || application/json]}" onto public java.lang.Object org.springframework.boot.actuate.endpoint.mvc.EndpointMvcAdapter.invoke()
2018-05-29-23-34 [main] [org.springframework.boot.actuate.endpoint.mvc.EndpointHandlerMapping] [INFO] - Mapped "{[/health || /health.json],methods=[GET],produces=[application/vnd.spring-boot.actuator.v1+json || application/json]}" onto public java.lang.Object org.springframework.boot.actuate.endpoint.mvc.HealthMvcEndpoint.invoke(javax.servlet.http.HttpServletRequest,java.security.Principal)
2018-05-29-23-34 [main] [org.springframework.boot.actuate.endpoint.mvc.EndpointHandlerMapping] [INFO] - Mapped "{[/env/{name:.*}],methods=[GET],produces=[application/vnd.spring-boot.actuator.v1+json || application/json]}" onto public java.lang.Object org.springframework.boot.actuate.endpoint.mvc.EnvironmentMvcEndpoint.value(java.lang.String)
2018-05-29-23-34 [main] [org.springframework.boot.actuate.endpoint.mvc.EndpointHandlerMapping] [INFO] - Mapped "{[/env || /env.json],methods=[GET],produces=[application/vnd.spring-boot.actuator.v1+json || application/json]}" onto public java.lang.Object org.springframework.boot.actuate.endpoint.mvc.EndpointMvcAdapter.invoke()
2018-05-29-23-34 [main] [org.springframework.boot.actuate.endpoint.mvc.EndpointHandlerMapping] [INFO] - Mapped "{[/autoconfig || /autoconfig.json],methods=[GET],produces=[application/vnd.spring-boot.actuator.v1+json || application/json]}" onto public java.lang.Object org.springframework.boot.actuate.endpoint.mvc.EndpointMvcAdapter.invoke()
2018-05-29-23-34 [main] [org.springframework.boot.actuate.endpoint.mvc.EndpointHandlerMapping] [INFO] - Mapped "{[/auditevents || /auditevents.json],methods=[GET],produces=[application/vnd.spring-boot.actuator.v1+json || application/json]}" onto public org.springframework.http.ResponseEntity<?> org.springframework.boot.actuate.endpoint.mvc.AuditEventsMvcEndpoint.findByPrincipalAndAfterAndType(java.lang.String,java.util.Date,java.lang.String)
2018-05-29-23-34 [main] [org.springframework.boot.actuate.endpoint.mvc.EndpointHandlerMapping] [INFO] - Mapped "{[/mappings || /mappings.json],methods=[GET],produces=[application/vnd.spring-boot.actuator.v1+json || application/json]}" onto public java.lang.Object org.springframework.boot.actuate.endpoint.mvc.EndpointMvcAdapter.invoke()
2018-05-29-23-34 [main] [com.iflytek.chy.DemoSpringbootAopLogApplicationTests] [INFO] - Started DemoSpringbootAopLogApplicationTests in 5.058 seconds (JVM running for 5.987)
2018-05-29-23-34 [main] [com.iflytek.chy.aop.aspect.LogAspect] [INFO] - =====================开始执行前置通知==================
2018-05-29-23-34 [main] [com.iflytek.chy.aop.aspect.LogAspect] [INFO] - [X用户]执行了[新增用户信息测试操作。。。。。],类:com.iflytek.chy.service.TestServiceImp,方法名：insert,参数:{key1=v1, key2=v2}&000&
2018-05-29-23-34 [main] [com.iflytek.chy.aop.aspect.LogAspect] [INFO] - =====================执行前置通知结束==================
2018-05-29-23-34 [main] [com.iflytek.chy.aop.aspect.LogAspect] [INFO] - [X用户]执行了[新增用户信息测试操作。。。。。],类:com.iflytek.chy.service.TestServiceImp,方法名：insert,参数:{key1=v1, key2=v2}&000&
2018-05-29-23-34 [main] [com.iflytek.chy.aop.aspect.LogAspect] [INFO] - =====================开始执行前置通知==================
2018-05-29-23-34 [main] [com.iflytek.chy.aop.aspect.LogAspect] [INFO] - [X用户]执行了[更新用户信息操作....],类:com.iflytek.chy.service.TestServiceImp,方法名：update,参数:name&id&
2018-05-29-23-34 [main] [com.iflytek.chy.aop.aspect.LogAspect] [INFO] - =====================执行前置通知结束==================
2018-05-29-23-34 [main] [com.iflytek.chy.aop.aspect.LogAspect] [INFO] - [X用户]执行了[更新用户信息操作....],类:com.iflytek.chy.service.TestServiceImp,方法名：update,参数:name&id&
2018-05-29-23-34 [main] [com.iflytek.chy.aop.aspect.LogAspect] [INFO] - =====================开始执行前置通知==================
2018-05-29-23-34 [main] [com.iflytek.chy.aop.aspect.LogAspect] [INFO] - [X用户]执行了[删除操作。。。。],类:com.iflytek.chy.service.TestServiceImp,方法名：delete,参数:leftso&
2018-05-29-23-34 [main] [com.iflytek.chy.aop.aspect.LogAspect] [INFO] - =====================执行前置通知结束==================
2018-05-29-23-34 [main] [com.iflytek.chy.aop.aspect.LogAspect] [INFO] - [X用户]执行了[删除操作。。。。],类:com.iflytek.chy.service.TestServiceImp,方法名：delete,参数:leftso&
2018-05-29-23-34 [main] [com.iflytek.chy.aop.aspect.LogAspect] [INFO] - =====================开始执行前置通知==================
2018-05-29-23-34 [main] [com.iflytek.chy.aop.aspect.LogAspect] [INFO] - [X用户]执行了[异常操作测试],类:com.iflytek.chy.service.TestServiceImp,方法名：doError,参数:leftso.com&
2018-05-29-23-34 [main] [com.iflytek.chy.aop.aspect.LogAspect] [INFO] - =====================执行前置通知结束==================
2018-05-29-23-34 [main] [com.iflytek.chy.aop.aspect.LogAspect] [INFO] - [X用户]执行了[异常操作测试],类:com.iflytek.chy.service.TestServiceImp,方法名：doError,参数:leftso.com&
2018-05-29-23-34 [Thread-3] [org.springframework.web.context.support.GenericWebApplicationContext] [INFO] - Closing org.springframework.web.context.support.GenericWebApplicationContext@131774fe: startup date [Tue May 29 23:34:46 CST 2018]; root of context hierarchy
