2018-05-29-23-16 [restartedMain] [com.iflytek.chy.App] [INFO] - Starting App on DESKTOP-IIAKF39 with PID 5844 (D:\JavaWorkspace\globalexception\target\classes started by chyoung in D:\JavaWorkspace\globalexception)
2018-05-29-23-16 [restartedMain] [com.iflytek.chy.App] [INFO] - No active profile set, falling back to default profiles: default
2018-05-29-23-16 [restartedMain] [org.springframework.boot.context.embedded.AnnotationConfigEmbeddedWebApplicationContext] [INFO] - Refreshing org.springframework.boot.context.embedded.AnnotationConfigEmbeddedWebApplicationContext@74b6a5ee: startup date [Tue May 29 23:16:32 CST 2018]; root of context hierarchy
2018-05-29-23-16 [background-preinit] [org.hibernate.validator.internal.util.Version] [INFO] - HV000001: Hibernate Validator 5.3.6.Final
2018-05-29-23-16 [restartedMain] [org.springframework.boot.context.embedded.tomcat.TomcatEmbeddedServletContainer] [INFO] - Tomcat initialized with port(s): 8080 (http)
2018-05-29-23-16 [localhost-startStop-1] [org.springframework.web.context.ContextLoader] [INFO] - Root WebApplicationContext: initialization completed in 4496 ms
2018-05-29-23-16 [localhost-startStop-1] [org.springframework.boot.web.servlet.ServletRegistrationBean] [INFO] - Mapping servlet: 'dispatcherServlet' to [/]
2018-05-29-23-16 [localhost-startStop-1] [org.springframework.boot.web.servlet.FilterRegistrationBean] [INFO] - Mapping filter: 'metricsFilter' to: [/*]
2018-05-29-23-16 [localhost-startStop-1] [org.springframework.boot.web.servlet.FilterRegistrationBean] [INFO] - Mapping filter: 'characterEncodingFilter' to: [/*]
2018-05-29-23-16 [localhost-startStop-1] [org.springframework.boot.web.servlet.FilterRegistrationBean] [INFO] - Mapping filter: 'hiddenHttpMethodFilter' to: [/*]
2018-05-29-23-16 [localhost-startStop-1] [org.springframework.boot.web.servlet.FilterRegistrationBean] [INFO] - Mapping filter: 'httpPutFormContentFilter' to: [/*]
2018-05-29-23-16 [localhost-startStop-1] [org.springframework.boot.web.servlet.FilterRegistrationBean] [INFO] - Mapping filter: 'requestContextFilter' to: [/*]
2018-05-29-23-16 [localhost-startStop-1] [org.springframework.boot.web.servlet.FilterRegistrationBean] [INFO] - Mapping filter: 'webRequestLoggingFilter' to: [/*]
2018-05-29-23-16 [localhost-startStop-1] [org.springframework.boot.web.servlet.FilterRegistrationBean] [INFO] - Mapping filter: 'applicationContextIdFilter' to: [/*]
2018-05-29-23-16 [restartedMain] [org.springframework.web.servlet.mvc.method.annotation.RequestMappingHandlerAdapter] [INFO] - Looking for @ControllerAdvice: org.springframework.boot.context.embedded.AnnotationConfigEmbeddedWebApplicationContext@74b6a5ee: startup date [Tue May 29 23:16:32 CST 2018]; root of context hierarchy
2018-05-29-23-16 [restartedMain] [org.springframework.web.servlet.mvc.method.annotation.RequestMappingHandlerMapping] [INFO] - Mapped "{[/advice1/test1],methods=[GET]}" onto public java.lang.String com.iflytek.chy.controller.AdviceController.test1()
2018-05-29-23-16 [restartedMain] [org.springframework.web.servlet.mvc.method.annotation.RequestMappingHandlerMapping] [INFO] - Mapped "{[/advice1/test2],methods=[GET]}" onto public java.lang.String com.iflytek.chy.controller.AdviceController.test2()
2018-05-29-23-16 [restartedMain] [org.springframework.web.servlet.mvc.method.annotation.RequestMappingHandlerMapping] [INFO] - Mapped "{[/error]}" onto public org.springframework.http.ResponseEntity<java.util.Map<java.lang.String, java.lang.Object>> org.springframework.boot.autoconfigure.web.BasicErrorController.error(javax.servlet.http.HttpServletRequest)
2018-05-29-23-16 [restartedMain] [org.springframework.web.servlet.mvc.method.annotation.RequestMappingHandlerMapping] [INFO] - Mapped "{[/error],produces=[text/html]}" onto public org.springframework.web.servlet.ModelAndView org.springframework.boot.autoconfigure.web.BasicErrorController.errorHtml(javax.servlet.http.HttpServletRequest,javax.servlet.http.HttpServletResponse)
2018-05-29-23-16 [restartedMain] [org.springframework.web.servlet.handler.SimpleUrlHandlerMapping] [INFO] - Mapped URL path [/webjars/**] onto handler of type [class org.springframework.web.servlet.resource.ResourceHttpRequestHandler]
2018-05-29-23-16 [restartedMain] [org.springframework.web.servlet.handler.SimpleUrlHandlerMapping] [INFO] - Mapped URL path [/**] onto handler of type [class org.springframework.web.servlet.resource.ResourceHttpRequestHandler]
2018-05-29-23-16 [restartedMain] [org.springframework.web.servlet.mvc.method.annotation.ExceptionHandlerExceptionResolver] [INFO] - Detected @ExceptionHandler methods in myControllerAdvice
2018-05-29-23-16 [restartedMain] [org.springframework.web.servlet.handler.SimpleUrlHandlerMapping] [INFO] - Mapped URL path [/**/favicon.ico] onto handler of type [class org.springframework.web.servlet.resource.ResourceHttpRequestHandler]
2018-05-29-23-16 [restartedMain] [org.springframework.boot.actuate.endpoint.mvc.EndpointHandlerMapping] [INFO] - Mapped "{[/beans || /beans.json],methods=[GET],produces=[application/vnd.spring-boot.actuator.v1+json || application/json]}" onto public java.lang.Object org.springframework.boot.actuate.endpoint.mvc.EndpointMvcAdapter.invoke()
2018-05-29-23-16 [restartedMain] [org.springframework.boot.actuate.endpoint.mvc.EndpointHandlerMapping] [INFO] - Mapped "{[/info || /info.json],methods=[GET],produces=[application/vnd.spring-boot.actuator.v1+json || application/json]}" onto public java.lang.Object org.springframework.boot.actuate.endpoint.mvc.EndpointMvcAdapter.invoke()
2018-05-29-23-16 [restartedMain] [org.springframework.boot.actuate.endpoint.mvc.EndpointHandlerMapping] [INFO] - Mapped "{[/health || /health.json],methods=[GET],produces=[application/vnd.spring-boot.actuator.v1+json || application/json]}" onto public java.lang.Object org.springframework.boot.actuate.endpoint.mvc.HealthMvcEndpoint.invoke(javax.servlet.http.HttpServletRequest,java.security.Principal)
2018-05-29-23-16 [restartedMain] [org.springframework.boot.actuate.endpoint.mvc.EndpointHandlerMapping] [INFO] - Mapped "{[/metrics/{name:.*}],methods=[GET],produces=[application/vnd.spring-boot.actuator.v1+json || application/json]}" onto public java.lang.Object org.springframework.boot.actuate.endpoint.mvc.MetricsMvcEndpoint.value(java.lang.String)
2018-05-29-23-16 [restartedMain] [org.springframework.boot.actuate.endpoint.mvc.EndpointHandlerMapping] [INFO] - Mapped "{[/metrics || /metrics.json],methods=[GET],produces=[application/vnd.spring-boot.actuator.v1+json || application/json]}" onto public java.lang.Object org.springframework.boot.actuate.endpoint.mvc.EndpointMvcAdapter.invoke()
2018-05-29-23-16 [restartedMain] [org.springframework.boot.actuate.endpoint.mvc.EndpointHandlerMapping] [INFO] - Mapped "{[/loggers/{name:.*}],methods=[GET],produces=[application/vnd.spring-boot.actuator.v1+json || application/json]}" onto public java.lang.Object org.springframework.boot.actuate.endpoint.mvc.LoggersMvcEndpoint.get(java.lang.String)
2018-05-29-23-16 [restartedMain] [org.springframework.boot.actuate.endpoint.mvc.EndpointHandlerMapping] [INFO] - Mapped "{[/loggers/{name:.*}],methods=[POST],consumes=[application/vnd.spring-boot.actuator.v1+json || application/json],produces=[application/vnd.spring-boot.actuator.v1+json || application/json]}" onto public java.lang.Object org.springframework.boot.actuate.endpoint.mvc.LoggersMvcEndpoint.set(java.lang.String,java.util.Map<java.lang.String, java.lang.String>)
2018-05-29-23-16 [restartedMain] [org.springframework.boot.actuate.endpoint.mvc.EndpointHandlerMapping] [INFO] - Mapped "{[/loggers || /loggers.json],methods=[GET],produces=[application/vnd.spring-boot.actuator.v1+json || application/json]}" onto public java.lang.Object org.springframework.boot.actuate.endpoint.mvc.EndpointMvcAdapter.invoke()
2018-05-29-23-16 [restartedMain] [org.springframework.boot.actuate.endpoint.mvc.EndpointHandlerMapping] [INFO] - Mapped "{[/auditevents || /auditevents.json],methods=[GET],produces=[application/vnd.spring-boot.actuator.v1+json || application/json]}" onto public org.springframework.http.ResponseEntity<?> org.springframework.boot.actuate.endpoint.mvc.AuditEventsMvcEndpoint.findByPrincipalAndAfterAndType(java.lang.String,java.util.Date,java.lang.String)
2018-05-29-23-16 [restartedMain] [org.springframework.boot.actuate.endpoint.mvc.EndpointHandlerMapping] [INFO] - Mapped "{[/configprops || /configprops.json],methods=[GET],produces=[application/vnd.spring-boot.actuator.v1+json || application/json]}" onto public java.lang.Object org.springframework.boot.actuate.endpoint.mvc.EndpointMvcAdapter.invoke()
2018-05-29-23-16 [restartedMain] [org.springframework.boot.actuate.endpoint.mvc.EndpointHandlerMapping] [INFO] - Mapped "{[/env/{name:.*}],methods=[GET],produces=[application/vnd.spring-boot.actuator.v1+json || application/json]}" onto public java.lang.Object org.springframework.boot.actuate.endpoint.mvc.EnvironmentMvcEndpoint.value(java.lang.String)
2018-05-29-23-16 [restartedMain] [org.springframework.boot.actuate.endpoint.mvc.EndpointHandlerMapping] [INFO] - Mapped "{[/env || /env.json],methods=[GET],produces=[application/vnd.spring-boot.actuator.v1+json || application/json]}" onto public java.lang.Object org.springframework.boot.actuate.endpoint.mvc.EndpointMvcAdapter.invoke()
2018-05-29-23-16 [restartedMain] [org.springframework.boot.actuate.endpoint.mvc.EndpointHandlerMapping] [INFO] - Mapped "{[/autoconfig || /autoconfig.json],methods=[GET],produces=[application/vnd.spring-boot.actuator.v1+json || application/json]}" onto public java.lang.Object org.springframework.boot.actuate.endpoint.mvc.EndpointMvcAdapter.invoke()
2018-05-29-23-16 [restartedMain] [org.springframework.boot.actuate.endpoint.mvc.EndpointHandlerMapping] [INFO] - Mapped "{[/mappings || /mappings.json],methods=[GET],produces=[application/vnd.spring-boot.actuator.v1+json || application/json]}" onto public java.lang.Object org.springframework.boot.actuate.endpoint.mvc.EndpointMvcAdapter.invoke()
2018-05-29-23-16 [restartedMain] [org.springframework.boot.actuate.endpoint.mvc.EndpointHandlerMapping] [INFO] - Mapped "{[/dump || /dump.json],methods=[GET],produces=[application/vnd.spring-boot.actuator.v1+json || application/json]}" onto public java.lang.Object org.springframework.boot.actuate.endpoint.mvc.EndpointMvcAdapter.invoke()
2018-05-29-23-16 [restartedMain] [org.springframework.boot.actuate.endpoint.mvc.EndpointHandlerMapping] [INFO] - Mapped "{[/trace || /trace.json],methods=[GET],produces=[application/vnd.spring-boot.actuator.v1+json || application/json]}" onto public java.lang.Object org.springframework.boot.actuate.endpoint.mvc.EndpointMvcAdapter.invoke()
2018-05-29-23-16 [restartedMain] [org.springframework.boot.actuate.endpoint.mvc.EndpointHandlerMapping] [INFO] - Mapped "{[/heapdump || /heapdump.json],methods=[GET],produces=[application/octet-stream]}" onto public void org.springframework.boot.actuate.endpoint.mvc.HeapdumpMvcEndpoint.invoke(boolean,javax.servlet.http.HttpServletRequest,javax.servlet.http.HttpServletResponse) throws java.io.IOException,javax.servlet.ServletException
2018-05-29-23-16 [restartedMain] [org.springframework.boot.devtools.autoconfigure.OptionalLiveReloadServer] [INFO] - LiveReload server is running on port 35729
2018-05-29-23-16 [restartedMain] [org.springframework.jmx.export.annotation.AnnotationMBeanExporter] [INFO] - Registering beans for JMX exposure on startup
2018-05-29-23-16 [restartedMain] [org.springframework.boot.actuate.endpoint.jmx.EndpointMBeanExporter] [INFO] - Registering beans for JMX exposure on startup
2018-05-29-23-16 [restartedMain] [org.springframework.context.support.DefaultLifecycleProcessor] [INFO] - Starting beans in phase 0
2018-05-29-23-16 [restartedMain] [org.springframework.boot.actuate.endpoint.jmx.EndpointMBeanExporter] [INFO] - Located managed bean 'auditEventsEndpoint': registering with JMX server as MBean [org.springframework.boot:type=Endpoint,name=auditEventsEndpoint]
2018-05-29-23-16 [restartedMain] [org.springframework.boot.actuate.endpoint.jmx.EndpointMBeanExporter] [INFO] - Located managed bean 'requestMappingEndpoint': registering with JMX server as MBean [org.springframework.boot:type=Endpoint,name=requestMappingEndpoint]
2018-05-29-23-16 [restartedMain] [org.springframework.boot.actuate.endpoint.jmx.EndpointMBeanExporter] [INFO] - Located managed bean 'environmentEndpoint': registering with JMX server as MBean [org.springframework.boot:type=Endpoint,name=environmentEndpoint]
2018-05-29-23-16 [restartedMain] [org.springframework.boot.actuate.endpoint.jmx.EndpointMBeanExporter] [INFO] - Located managed bean 'healthEndpoint': registering with JMX server as MBean [org.springframework.boot:type=Endpoint,name=healthEndpoint]
2018-05-29-23-16 [restartedMain] [org.springframework.boot.actuate.endpoint.jmx.EndpointMBeanExporter] [INFO] - Located managed bean 'beansEndpoint': registering with JMX server as MBean [org.springframework.boot:type=Endpoint,name=beansEndpoint]
2018-05-29-23-16 [restartedMain] [org.springframework.boot.actuate.endpoint.jmx.EndpointMBeanExporter] [INFO] - Located managed bean 'infoEndpoint': registering with JMX server as MBean [org.springframework.boot:type=Endpoint,name=infoEndpoint]
2018-05-29-23-16 [restartedMain] [org.springframework.boot.actuate.endpoint.jmx.EndpointMBeanExporter] [INFO] - Located managed bean 'loggersEndpoint': registering with JMX server as MBean [org.springframework.boot:type=Endpoint,name=loggersEndpoint]
2018-05-29-23-16 [restartedMain] [org.springframework.boot.actuate.endpoint.jmx.EndpointMBeanExporter] [INFO] - Located managed bean 'metricsEndpoint': registering with JMX server as MBean [org.springframework.boot:type=Endpoint,name=metricsEndpoint]
2018-05-29-23-16 [restartedMain] [org.springframework.boot.actuate.endpoint.jmx.EndpointMBeanExporter] [INFO] - Located managed bean 'traceEndpoint': registering with JMX server as MBean [org.springframework.boot:type=Endpoint,name=traceEndpoint]
2018-05-29-23-16 [restartedMain] [org.springframework.boot.actuate.endpoint.jmx.EndpointMBeanExporter] [INFO] - Located managed bean 'dumpEndpoint': registering with JMX server as MBean [org.springframework.boot:type=Endpoint,name=dumpEndpoint]
2018-05-29-23-16 [restartedMain] [org.springframework.boot.actuate.endpoint.jmx.EndpointMBeanExporter] [INFO] - Located managed bean 'autoConfigurationReportEndpoint': registering with JMX server as MBean [org.springframework.boot:type=Endpoint,name=autoConfigurationReportEndpoint]
2018-05-29-23-16 [restartedMain] [org.springframework.boot.actuate.endpoint.jmx.EndpointMBeanExporter] [INFO] - Located managed bean 'configurationPropertiesReportEndpoint': registering with JMX server as MBean [org.springframework.boot:type=Endpoint,name=configurationPropertiesReportEndpoint]
2018-05-29-23-16 [restartedMain] [org.springframework.boot.context.embedded.tomcat.TomcatEmbeddedServletContainer] [INFO] - Tomcat started on port(s): 8080 (http)
2018-05-29-23-16 [restartedMain] [com.iflytek.chy.App] [INFO] - Started App in 8.726 seconds (JVM running for 9.671)
2018-05-29-23-19 [http-nio-8080-exec-1] [org.springframework.web.servlet.DispatcherServlet] [INFO] - FrameworkServlet 'dispatcherServlet': initialization started
2018-05-29-23-19 [http-nio-8080-exec-1] [org.springframework.web.servlet.DispatcherServlet] [INFO] - FrameworkServlet 'dispatcherServlet': initialization completed in 64 ms
2018-05-29-23-21 [http-nio-8080-exec-1] [org.springframework.web.servlet.mvc.method.annotation.ExceptionHandlerExceptionResolver] [WARN] - Resolved exception caused by Handler execution: com.iflytek.chy.exception.MyException: advice1 - exception1
2018-05-29-23-23 [Thread-6] [org.springframework.boot.context.embedded.AnnotationConfigEmbeddedWebApplicationContext] [INFO] - Closing org.springframework.boot.context.embedded.AnnotationConfigEmbeddedWebApplicationContext@74b6a5ee: startup date [Tue May 29 23:16:32 CST 2018]; root of context hierarchy
2018-05-29-23-23 [Thread-6] [org.springframework.context.support.DefaultLifecycleProcessor] [INFO] - Stopping beans in phase 0
2018-05-29-23-23 [Thread-6] [org.springframework.boot.actuate.endpoint.jmx.EndpointMBeanExporter] [INFO] - Unregistering JMX-exposed beans on shutdown
2018-05-29-23-23 [Thread-6] [org.springframework.boot.actuate.endpoint.jmx.EndpointMBeanExporter] [INFO] - Unregistering JMX-exposed beans
2018-05-29-23-23 [Thread-6] [org.springframework.jmx.export.annotation.AnnotationMBeanExporter] [INFO] - Unregistering JMX-exposed beans on shutdown
2018-05-29-23-23 [restartedMain] [com.iflytek.chy.App] [INFO] - Starting App on DESKTOP-IIAKF39 with PID 5844 (D:\JavaWorkspace\globalexception\target\classes started by chyoung in D:\JavaWorkspace\globalexception)
2018-05-29-23-23 [restartedMain] [com.iflytek.chy.App] [INFO] - No active profile set, falling back to default profiles: default
2018-05-29-23-23 [restartedMain] [org.springframework.boot.context.embedded.AnnotationConfigEmbeddedWebApplicationContext] [INFO] - Refreshing org.springframework.boot.context.embedded.AnnotationConfigEmbeddedWebApplicationContext@54008bbc: startup date [Tue May 29 23:23:47 CST 2018]; root of context hierarchy
2018-05-29-23-23 [restartedMain] [org.springframework.boot.context.embedded.tomcat.TomcatEmbeddedServletContainer] [INFO] - Tomcat initialized with port(s): 8080 (http)
2018-05-29-23-23 [localhost-startStop-1] [org.springframework.web.context.ContextLoader] [INFO] - Root WebApplicationContext: initialization completed in 1769 ms
2018-05-29-23-23 [localhost-startStop-1] [org.springframework.boot.web.servlet.ServletRegistrationBean] [INFO] - Mapping servlet: 'dispatcherServlet' to [/]
2018-05-29-23-23 [localhost-startStop-1] [org.springframework.boot.web.servlet.FilterRegistrationBean] [INFO] - Mapping filter: 'metricsFilter' to: [/*]
2018-05-29-23-23 [localhost-startStop-1] [org.springframework.boot.web.servlet.FilterRegistrationBean] [INFO] - Mapping filter: 'characterEncodingFilter' to: [/*]
2018-05-29-23-23 [localhost-startStop-1] [org.springframework.boot.web.servlet.FilterRegistrationBean] [INFO] - Mapping filter: 'hiddenHttpMethodFilter' to: [/*]
2018-05-29-23-23 [localhost-startStop-1] [org.springframework.boot.web.servlet.FilterRegistrationBean] [INFO] - Mapping filter: 'httpPutFormContentFilter' to: [/*]
2018-05-29-23-23 [localhost-startStop-1] [org.springframework.boot.web.servlet.FilterRegistrationBean] [INFO] - Mapping filter: 'requestContextFilter' to: [/*]
2018-05-29-23-23 [localhost-startStop-1] [org.springframework.boot.web.servlet.FilterRegistrationBean] [INFO] - Mapping filter: 'webRequestLoggingFilter' to: [/*]
2018-05-29-23-23 [localhost-startStop-1] [org.springframework.boot.web.servlet.FilterRegistrationBean] [INFO] - Mapping filter: 'applicationContextIdFilter' to: [/*]
2018-05-29-23-23 [restartedMain] [org.springframework.web.servlet.mvc.method.annotation.RequestMappingHandlerAdapter] [INFO] - Looking for @ControllerAdvice: org.springframework.boot.context.embedded.AnnotationConfigEmbeddedWebApplicationContext@54008bbc: startup date [Tue May 29 23:23:47 CST 2018]; root of context hierarchy
2018-05-29-23-23 [restartedMain] [org.springframework.web.servlet.mvc.method.annotation.RequestMappingHandlerMapping] [INFO] - Mapped "{[/advice1/test1],methods=[GET]}" onto public java.lang.String com.iflytek.chy.controller.AdviceController.test1()
2018-05-29-23-23 [restartedMain] [org.springframework.web.servlet.mvc.method.annotation.RequestMappingHandlerMapping] [INFO] - Mapped "{[/advice1/test2],methods=[GET]}" onto public java.lang.String com.iflytek.chy.controller.AdviceController.test2()
2018-05-29-23-23 [restartedMain] [org.springframework.web.servlet.mvc.method.annotation.RequestMappingHandlerMapping] [INFO] - Mapped "{[/error]}" onto public org.springframework.http.ResponseEntity<java.util.Map<java.lang.String, java.lang.Object>> org.springframework.boot.autoconfigure.web.BasicErrorController.error(javax.servlet.http.HttpServletRequest)
2018-05-29-23-23 [restartedMain] [org.springframework.web.servlet.mvc.method.annotation.RequestMappingHandlerMapping] [INFO] - Mapped "{[/error],produces=[text/html]}" onto public org.springframework.web.servlet.ModelAndView org.springframework.boot.autoconfigure.web.BasicErrorController.errorHtml(javax.servlet.http.HttpServletRequest,javax.servlet.http.HttpServletResponse)
2018-05-29-23-23 [restartedMain] [org.springframework.web.servlet.handler.SimpleUrlHandlerMapping] [INFO] - Mapped URL path [/webjars/**] onto handler of type [class org.springframework.web.servlet.resource.ResourceHttpRequestHandler]
2018-05-29-23-23 [restartedMain] [org.springframework.web.servlet.handler.SimpleUrlHandlerMapping] [INFO] - Mapped URL path [/**] onto handler of type [class org.springframework.web.servlet.resource.ResourceHttpRequestHandler]
2018-05-29-23-23 [restartedMain] [org.springframework.web.servlet.mvc.method.annotation.ExceptionHandlerExceptionResolver] [INFO] - Detected @ExceptionHandler methods in myControllerAdvice
2018-05-29-23-23 [restartedMain] [org.springframework.web.servlet.handler.SimpleUrlHandlerMapping] [INFO] - Mapped URL path [/**/favicon.ico] onto handler of type [class org.springframework.web.servlet.resource.ResourceHttpRequestHandler]
2018-05-29-23-23 [restartedMain] [org.springframework.boot.actuate.endpoint.mvc.EndpointHandlerMapping] [INFO] - Mapped "{[/auditevents || /auditevents.json],methods=[GET],produces=[application/vnd.spring-boot.actuator.v1+json || application/json]}" onto public org.springframework.http.ResponseEntity<?> org.springframework.boot.actuate.endpoint.mvc.AuditEventsMvcEndpoint.findByPrincipalAndAfterAndType(java.lang.String,java.util.Date,java.lang.String)
2018-05-29-23-23 [restartedMain] [org.springframework.boot.actuate.endpoint.mvc.EndpointHandlerMapping] [INFO] - Mapped "{[/beans || /beans.json],methods=[GET],produces=[application/vnd.spring-boot.actuator.v1+json || application/json]}" onto public java.lang.Object org.springframework.boot.actuate.endpoint.mvc.EndpointMvcAdapter.invoke()
2018-05-29-23-23 [restartedMain] [org.springframework.boot.actuate.endpoint.mvc.EndpointHandlerMapping] [INFO] - Mapped "{[/trace || /trace.json],methods=[GET],produces=[application/vnd.spring-boot.actuator.v1+json || application/json]}" onto public java.lang.Object org.springframework.boot.actuate.endpoint.mvc.EndpointMvcAdapter.invoke()
2018-05-29-23-23 [restartedMain] [org.springframework.boot.actuate.endpoint.mvc.EndpointHandlerMapping] [INFO] - Mapped "{[/mappings || /mappings.json],methods=[GET],produces=[application/vnd.spring-boot.actuator.v1+json || application/json]}" onto public java.lang.Object org.springframework.boot.actuate.endpoint.mvc.EndpointMvcAdapter.invoke()
2018-05-29-23-23 [restartedMain] [org.springframework.boot.actuate.endpoint.mvc.EndpointHandlerMapping] [INFO] - Mapped "{[/autoconfig || /autoconfig.json],methods=[GET],produces=[application/vnd.spring-boot.actuator.v1+json || application/json]}" onto public java.lang.Object org.springframework.boot.actuate.endpoint.mvc.EndpointMvcAdapter.invoke()
2018-05-29-23-23 [restartedMain] [org.springframework.boot.actuate.endpoint.mvc.EndpointHandlerMapping] [INFO] - Mapped "{[/heapdump || /heapdump.json],methods=[GET],produces=[application/octet-stream]}" onto public void org.springframework.boot.actuate.endpoint.mvc.HeapdumpMvcEndpoint.invoke(boolean,javax.servlet.http.HttpServletRequest,javax.servlet.http.HttpServletResponse) throws java.io.IOException,javax.servlet.ServletException
2018-05-29-23-23 [restartedMain] [org.springframework.boot.actuate.endpoint.mvc.EndpointHandlerMapping] [INFO] - Mapped "{[/info || /info.json],methods=[GET],produces=[application/vnd.spring-boot.actuator.v1+json || application/json]}" onto public java.lang.Object org.springframework.boot.actuate.endpoint.mvc.EndpointMvcAdapter.invoke()
2018-05-29-23-23 [restartedMain] [org.springframework.boot.actuate.endpoint.mvc.EndpointHandlerMapping] [INFO] - Mapped "{[/metrics/{name:.*}],methods=[GET],produces=[application/vnd.spring-boot.actuator.v1+json || application/json]}" onto public java.lang.Object org.springframework.boot.actuate.endpoint.mvc.MetricsMvcEndpoint.value(java.lang.String)
2018-05-29-23-23 [restartedMain] [org.springframework.boot.actuate.endpoint.mvc.EndpointHandlerMapping] [INFO] - Mapped "{[/metrics || /metrics.json],methods=[GET],produces=[application/vnd.spring-boot.actuator.v1+json || application/json]}" onto public java.lang.Object org.springframework.boot.actuate.endpoint.mvc.EndpointMvcAdapter.invoke()
2018-05-29-23-23 [restartedMain] [org.springframework.boot.actuate.endpoint.mvc.EndpointHandlerMapping] [INFO] - Mapped "{[/dump || /dump.json],methods=[GET],produces=[application/vnd.spring-boot.actuator.v1+json || application/json]}" onto public java.lang.Object org.springframework.boot.actuate.endpoint.mvc.EndpointMvcAdapter.invoke()
2018-05-29-23-23 [restartedMain] [org.springframework.boot.actuate.endpoint.mvc.EndpointHandlerMapping] [INFO] - Mapped "{[/env/{name:.*}],methods=[GET],produces=[application/vnd.spring-boot.actuator.v1+json || application/json]}" onto public java.lang.Object org.springframework.boot.actuate.endpoint.mvc.EnvironmentMvcEndpoint.value(java.lang.String)
2018-05-29-23-23 [restartedMain] [org.springframework.boot.actuate.endpoint.mvc.EndpointHandlerMapping] [INFO] - Mapped "{[/env || /env.json],methods=[GET],produces=[application/vnd.spring-boot.actuator.v1+json || application/json]}" onto public java.lang.Object org.springframework.boot.actuate.endpoint.mvc.EndpointMvcAdapter.invoke()
2018-05-29-23-23 [restartedMain] [org.springframework.boot.actuate.endpoint.mvc.EndpointHandlerMapping] [INFO] - Mapped "{[/health || /health.json],methods=[GET],produces=[application/vnd.spring-boot.actuator.v1+json || application/json]}" onto public java.lang.Object org.springframework.boot.actuate.endpoint.mvc.HealthMvcEndpoint.invoke(javax.servlet.http.HttpServletRequest,java.security.Principal)
2018-05-29-23-23 [restartedMain] [org.springframework.boot.actuate.endpoint.mvc.EndpointHandlerMapping] [INFO] - Mapped "{[/loggers/{name:.*}],methods=[GET],produces=[application/vnd.spring-boot.actuator.v1+json || application/json]}" onto public java.lang.Object org.springframework.boot.actuate.endpoint.mvc.LoggersMvcEndpoint.get(java.lang.String)
2018-05-29-23-23 [restartedMain] [org.springframework.boot.actuate.endpoint.mvc.EndpointHandlerMapping] [INFO] - Mapped "{[/loggers/{name:.*}],methods=[POST],consumes=[application/vnd.spring-boot.actuator.v1+json || application/json],produces=[application/vnd.spring-boot.actuator.v1+json || application/json]}" onto public java.lang.Object org.springframework.boot.actuate.endpoint.mvc.LoggersMvcEndpoint.set(java.lang.String,java.util.Map<java.lang.String, java.lang.String>)
2018-05-29-23-23 [restartedMain] [org.springframework.boot.actuate.endpoint.mvc.EndpointHandlerMapping] [INFO] - Mapped "{[/loggers || /loggers.json],methods=[GET],produces=[application/vnd.spring-boot.actuator.v1+json || application/json]}" onto public java.lang.Object org.springframework.boot.actuate.endpoint.mvc.EndpointMvcAdapter.invoke()
2018-05-29-23-23 [restartedMain] [org.springframework.boot.actuate.endpoint.mvc.EndpointHandlerMapping] [INFO] - Mapped "{[/configprops || /configprops.json],methods=[GET],produces=[application/vnd.spring-boot.actuator.v1+json || application/json]}" onto public java.lang.Object org.springframework.boot.actuate.endpoint.mvc.EndpointMvcAdapter.invoke()
2018-05-29-23-23 [restartedMain] [org.springframework.boot.devtools.autoconfigure.OptionalLiveReloadServer] [INFO] - LiveReload server is running on port 35729
2018-05-29-23-23 [restartedMain] [org.springframework.jmx.export.annotation.AnnotationMBeanExporter] [INFO] - Registering beans for JMX exposure on startup
2018-05-29-23-23 [restartedMain] [org.springframework.boot.actuate.endpoint.jmx.EndpointMBeanExporter] [INFO] - Registering beans for JMX exposure on startup
2018-05-29-23-23 [restartedMain] [org.springframework.context.support.DefaultLifecycleProcessor] [INFO] - Starting beans in phase 0
2018-05-29-23-23 [restartedMain] [org.springframework.boot.actuate.endpoint.jmx.EndpointMBeanExporter] [INFO] - Located managed bean 'auditEventsEndpoint': registering with JMX server as MBean [org.springframework.boot:type=Endpoint,name=auditEventsEndpoint]
2018-05-29-23-23 [restartedMain] [org.springframework.boot.actuate.endpoint.jmx.EndpointMBeanExporter] [INFO] - Located managed bean 'requestMappingEndpoint': registering with JMX server as MBean [org.springframework.boot:type=Endpoint,name=requestMappingEndpoint]
2018-05-29-23-23 [restartedMain] [org.springframework.boot.actuate.endpoint.jmx.EndpointMBeanExporter] [INFO] - Located managed bean 'environmentEndpoint': registering with JMX server as MBean [org.springframework.boot:type=Endpoint,name=environmentEndpoint]
2018-05-29-23-23 [restartedMain] [org.springframework.boot.actuate.endpoint.jmx.EndpointMBeanExporter] [INFO] - Located managed bean 'healthEndpoint': registering with JMX server as MBean [org.springframework.boot:type=Endpoint,name=healthEndpoint]
2018-05-29-23-23 [restartedMain] [org.springframework.boot.actuate.endpoint.jmx.EndpointMBeanExporter] [INFO] - Located managed bean 'beansEndpoint': registering with JMX server as MBean [org.springframework.boot:type=Endpoint,name=beansEndpoint]
2018-05-29-23-23 [restartedMain] [org.springframework.boot.actuate.endpoint.jmx.EndpointMBeanExporter] [INFO] - Located managed bean 'infoEndpoint': registering with JMX server as MBean [org.springframework.boot:type=Endpoint,name=infoEndpoint]
2018-05-29-23-23 [restartedMain] [org.springframework.boot.actuate.endpoint.jmx.EndpointMBeanExporter] [INFO] - Located managed bean 'loggersEndpoint': registering with JMX server as MBean [org.springframework.boot:type=Endpoint,name=loggersEndpoint]
2018-05-29-23-23 [restartedMain] [org.springframework.boot.actuate.endpoint.jmx.EndpointMBeanExporter] [INFO] - Located managed bean 'metricsEndpoint': registering with JMX server as MBean [org.springframework.boot:type=Endpoint,name=metricsEndpoint]
2018-05-29-23-23 [restartedMain] [org.springframework.boot.actuate.endpoint.jmx.EndpointMBeanExporter] [INFO] - Located managed bean 'traceEndpoint': registering with JMX server as MBean [org.springframework.boot:type=Endpoint,name=traceEndpoint]
2018-05-29-23-23 [restartedMain] [org.springframework.boot.actuate.endpoint.jmx.EndpointMBeanExporter] [INFO] - Located managed bean 'dumpEndpoint': registering with JMX server as MBean [org.springframework.boot:type=Endpoint,name=dumpEndpoint]
2018-05-29-23-23 [restartedMain] [org.springframework.boot.actuate.endpoint.jmx.EndpointMBeanExporter] [INFO] - Located managed bean 'autoConfigurationReportEndpoint': registering with JMX server as MBean [org.springframework.boot:type=Endpoint,name=autoConfigurationReportEndpoint]
2018-05-29-23-23 [restartedMain] [org.springframework.boot.actuate.endpoint.jmx.EndpointMBeanExporter] [INFO] - Located managed bean 'configurationPropertiesReportEndpoint': registering with JMX server as MBean [org.springframework.boot:type=Endpoint,name=configurationPropertiesReportEndpoint]
2018-05-29-23-23 [restartedMain] [org.springframework.boot.context.embedded.tomcat.TomcatEmbeddedServletContainer] [INFO] - Tomcat started on port(s): 8080 (http)
2018-05-29-23-23 [restartedMain] [com.iflytek.chy.App] [INFO] - Started App in 4.176 seconds (JVM running for 440.347)
2018-05-29-23-24 [Thread-10] [org.springframework.boot.context.embedded.AnnotationConfigEmbeddedWebApplicationContext] [INFO] - Closing org.springframework.boot.context.embedded.AnnotationConfigEmbeddedWebApplicationContext@54008bbc: startup date [Tue May 29 23:23:47 CST 2018]; root of context hierarchy
2018-05-29-23-24 [Thread-10] [org.springframework.context.support.DefaultLifecycleProcessor] [INFO] - Stopping beans in phase 0
2018-05-29-23-24 [Thread-10] [org.springframework.boot.actuate.endpoint.jmx.EndpointMBeanExporter] [INFO] - Unregistering JMX-exposed beans on shutdown
2018-05-29-23-24 [Thread-10] [org.springframework.boot.actuate.endpoint.jmx.EndpointMBeanExporter] [INFO] - Unregistering JMX-exposed beans
2018-05-29-23-24 [Thread-10] [org.springframework.jmx.export.annotation.AnnotationMBeanExporter] [INFO] - Unregistering JMX-exposed beans on shutdown
2018-05-29-23-24 [restartedMain] [com.iflytek.chy.App] [INFO] - Starting App on DESKTOP-IIAKF39 with PID 5844 (D:\JavaWorkspace\globalexception\target\classes started by chyoung in D:\JavaWorkspace\globalexception)
2018-05-29-23-24 [restartedMain] [com.iflytek.chy.App] [INFO] - No active profile set, falling back to default profiles: default
2018-05-29-23-24 [restartedMain] [org.springframework.boot.context.embedded.AnnotationConfigEmbeddedWebApplicationContext] [INFO] - Refreshing org.springframework.boot.context.embedded.AnnotationConfigEmbeddedWebApplicationContext@5d3527ca: startup date [Tue May 29 23:24:32 CST 2018]; root of context hierarchy
2018-05-29-23-24 [restartedMain] [org.springframework.boot.context.embedded.tomcat.TomcatEmbeddedServletContainer] [INFO] - Tomcat initialized with port(s): 8080 (http)
2018-05-29-23-24 [localhost-startStop-1] [org.springframework.web.context.ContextLoader] [INFO] - Root WebApplicationContext: initialization completed in 1090 ms
2018-05-29-23-24 [localhost-startStop-1] [org.springframework.boot.web.servlet.ServletRegistrationBean] [INFO] - Mapping servlet: 'dispatcherServlet' to [/]
2018-05-29-23-24 [localhost-startStop-1] [org.springframework.boot.web.servlet.FilterRegistrationBean] [INFO] - Mapping filter: 'metricsFilter' to: [/*]
2018-05-29-23-24 [localhost-startStop-1] [org.springframework.boot.web.servlet.FilterRegistrationBean] [INFO] - Mapping filter: 'characterEncodingFilter' to: [/*]
2018-05-29-23-24 [localhost-startStop-1] [org.springframework.boot.web.servlet.FilterRegistrationBean] [INFO] - Mapping filter: 'hiddenHttpMethodFilter' to: [/*]
2018-05-29-23-24 [localhost-startStop-1] [org.springframework.boot.web.servlet.FilterRegistrationBean] [INFO] - Mapping filter: 'httpPutFormContentFilter' to: [/*]
2018-05-29-23-24 [localhost-startStop-1] [org.springframework.boot.web.servlet.FilterRegistrationBean] [INFO] - Mapping filter: 'requestContextFilter' to: [/*]
2018-05-29-23-24 [localhost-startStop-1] [org.springframework.boot.web.servlet.FilterRegistrationBean] [INFO] - Mapping filter: 'webRequestLoggingFilter' to: [/*]
2018-05-29-23-24 [localhost-startStop-1] [org.springframework.boot.web.servlet.FilterRegistrationBean] [INFO] - Mapping filter: 'applicationContextIdFilter' to: [/*]
2018-05-29-23-24 [restartedMain] [org.springframework.web.servlet.mvc.method.annotation.RequestMappingHandlerAdapter] [INFO] - Looking for @ControllerAdvice: org.springframework.boot.context.embedded.AnnotationConfigEmbeddedWebApplicationContext@5d3527ca: startup date [Tue May 29 23:24:32 CST 2018]; root of context hierarchy
2018-05-29-23-24 [restartedMain] [org.springframework.web.servlet.mvc.method.annotation.RequestMappingHandlerMapping] [INFO] - Mapped "{[/advice1/test1],methods=[GET]}" onto public java.lang.String com.iflytek.chy.controller.AdviceController.test1()
2018-05-29-23-24 [restartedMain] [org.springframework.web.servlet.mvc.method.annotation.RequestMappingHandlerMapping] [INFO] - Mapped "{[/advice1/test2],methods=[GET]}" onto public java.lang.String com.iflytek.chy.controller.AdviceController.test2()
2018-05-29-23-24 [restartedMain] [org.springframework.web.servlet.mvc.method.annotation.RequestMappingHandlerMapping] [INFO] - Mapped "{[/error]}" onto public org.springframework.http.ResponseEntity<java.util.Map<java.lang.String, java.lang.Object>> org.springframework.boot.autoconfigure.web.BasicErrorController.error(javax.servlet.http.HttpServletRequest)
2018-05-29-23-24 [restartedMain] [org.springframework.web.servlet.mvc.method.annotation.RequestMappingHandlerMapping] [INFO] - Mapped "{[/error],produces=[text/html]}" onto public org.springframework.web.servlet.ModelAndView org.springframework.boot.autoconfigure.web.BasicErrorController.errorHtml(javax.servlet.http.HttpServletRequest,javax.servlet.http.HttpServletResponse)
2018-05-29-23-24 [restartedMain] [org.springframework.web.servlet.handler.SimpleUrlHandlerMapping] [INFO] - Mapped URL path [/webjars/**] onto handler of type [class org.springframework.web.servlet.resource.ResourceHttpRequestHandler]
2018-05-29-23-24 [restartedMain] [org.springframework.web.servlet.handler.SimpleUrlHandlerMapping] [INFO] - Mapped URL path [/**] onto handler of type [class org.springframework.web.servlet.resource.ResourceHttpRequestHandler]
2018-05-29-23-24 [restartedMain] [org.springframework.web.servlet.mvc.method.annotation.ExceptionHandlerExceptionResolver] [INFO] - Detected @ExceptionHandler methods in myControllerAdvice
2018-05-29-23-24 [restartedMain] [org.springframework.web.servlet.handler.SimpleUrlHandlerMapping] [INFO] - Mapped URL path [/**/favicon.ico] onto handler of type [class org.springframework.web.servlet.resource.ResourceHttpRequestHandler]
2018-05-29-23-24 [restartedMain] [org.springframework.boot.actuate.endpoint.mvc.EndpointHandlerMapping] [INFO] - Mapped "{[/auditevents || /auditevents.json],methods=[GET],produces=[application/vnd.spring-boot.actuator.v1+json || application/json]}" onto public org.springframework.http.ResponseEntity<?> org.springframework.boot.actuate.endpoint.mvc.AuditEventsMvcEndpoint.findByPrincipalAndAfterAndType(java.lang.String,java.util.Date,java.lang.String)
2018-05-29-23-24 [restartedMain] [org.springframework.boot.actuate.endpoint.mvc.EndpointHandlerMapping] [INFO] - Mapped "{[/metrics/{name:.*}],methods=[GET],produces=[application/vnd.spring-boot.actuator.v1+json || application/json]}" onto public java.lang.Object org.springframework.boot.actuate.endpoint.mvc.MetricsMvcEndpoint.value(java.lang.String)
2018-05-29-23-24 [restartedMain] [org.springframework.boot.actuate.endpoint.mvc.EndpointHandlerMapping] [INFO] - Mapped "{[/metrics || /metrics.json],methods=[GET],produces=[application/vnd.spring-boot.actuator.v1+json || application/json]}" onto public java.lang.Object org.springframework.boot.actuate.endpoint.mvc.EndpointMvcAdapter.invoke()
2018-05-29-23-24 [restartedMain] [org.springframework.boot.actuate.endpoint.mvc.EndpointHandlerMapping] [INFO] - Mapped "{[/env/{name:.*}],methods=[GET],produces=[application/vnd.spring-boot.actuator.v1+json || application/json]}" onto public java.lang.Object org.springframework.boot.actuate.endpoint.mvc.EnvironmentMvcEndpoint.value(java.lang.String)
2018-05-29-23-24 [restartedMain] [org.springframework.boot.actuate.endpoint.mvc.EndpointHandlerMapping] [INFO] - Mapped "{[/env || /env.json],methods=[GET],produces=[application/vnd.spring-boot.actuator.v1+json || application/json]}" onto public java.lang.Object org.springframework.boot.actuate.endpoint.mvc.EndpointMvcAdapter.invoke()
2018-05-29-23-24 [restartedMain] [org.springframework.boot.actuate.endpoint.mvc.EndpointHandlerMapping] [INFO] - Mapped "{[/trace || /trace.json],methods=[GET],produces=[application/vnd.spring-boot.actuator.v1+json || application/json]}" onto public java.lang.Object org.springframework.boot.actuate.endpoint.mvc.EndpointMvcAdapter.invoke()
2018-05-29-23-24 [restartedMain] [org.springframework.boot.actuate.endpoint.mvc.EndpointHandlerMapping] [INFO] - Mapped "{[/health || /health.json],methods=[GET],produces=[application/vnd.spring-boot.actuator.v1+json || application/json]}" onto public java.lang.Object org.springframework.boot.actuate.endpoint.mvc.HealthMvcEndpoint.invoke(javax.servlet.http.HttpServletRequest,java.security.Principal)
2018-05-29-23-24 [restartedMain] [org.springframework.boot.actuate.endpoint.mvc.EndpointHandlerMapping] [INFO] - Mapped "{[/info || /info.json],methods=[GET],produces=[application/vnd.spring-boot.actuator.v1+json || application/json]}" onto public java.lang.Object org.springframework.boot.actuate.endpoint.mvc.EndpointMvcAdapter.invoke()
2018-05-29-23-24 [restartedMain] [org.springframework.boot.actuate.endpoint.mvc.EndpointHandlerMapping] [INFO] - Mapped "{[/heapdump || /heapdump.json],methods=[GET],produces=[application/octet-stream]}" onto public void org.springframework.boot.actuate.endpoint.mvc.HeapdumpMvcEndpoint.invoke(boolean,javax.servlet.http.HttpServletRequest,javax.servlet.http.HttpServletResponse) throws java.io.IOException,javax.servlet.ServletException
2018-05-29-23-24 [restartedMain] [org.springframework.boot.actuate.endpoint.mvc.EndpointHandlerMapping] [INFO] - Mapped "{[/loggers/{name:.*}],methods=[GET],produces=[application/vnd.spring-boot.actuator.v1+json || application/json]}" onto public java.lang.Object org.springframework.boot.actuate.endpoint.mvc.LoggersMvcEndpoint.get(java.lang.String)
2018-05-29-23-24 [restartedMain] [org.springframework.boot.actuate.endpoint.mvc.EndpointHandlerMapping] [INFO] - Mapped "{[/loggers/{name:.*}],methods=[POST],consumes=[application/vnd.spring-boot.actuator.v1+json || application/json],produces=[application/vnd.spring-boot.actuator.v1+json || application/json]}" onto public java.lang.Object org.springframework.boot.actuate.endpoint.mvc.LoggersMvcEndpoint.set(java.lang.String,java.util.Map<java.lang.String, java.lang.String>)
2018-05-29-23-24 [restartedMain] [org.springframework.boot.actuate.endpoint.mvc.EndpointHandlerMapping] [INFO] - Mapped "{[/loggers || /loggers.json],methods=[GET],produces=[application/vnd.spring-boot.actuator.v1+json || application/json]}" onto public java.lang.Object org.springframework.boot.actuate.endpoint.mvc.EndpointMvcAdapter.invoke()
2018-05-29-23-24 [restartedMain] [org.springframework.boot.actuate.endpoint.mvc.EndpointHandlerMapping] [INFO] - Mapped "{[/mappings || /mappings.json],methods=[GET],produces=[application/vnd.spring-boot.actuator.v1+json || application/json]}" onto public java.lang.Object org.springframework.boot.actuate.endpoint.mvc.EndpointMvcAdapter.invoke()
2018-05-29-23-24 [restartedMain] [org.springframework.boot.actuate.endpoint.mvc.EndpointHandlerMapping] [INFO] - Mapped "{[/beans || /beans.json],methods=[GET],produces=[application/vnd.spring-boot.actuator.v1+json || application/json]}" onto public java.lang.Object org.springframework.boot.actuate.endpoint.mvc.EndpointMvcAdapter.invoke()
2018-05-29-23-24 [restartedMain] [org.springframework.boot.actuate.endpoint.mvc.EndpointHandlerMapping] [INFO] - Mapped "{[/autoconfig || /autoconfig.json],methods=[GET],produces=[application/vnd.spring-boot.actuator.v1+json || application/json]}" onto public java.lang.Object org.springframework.boot.actuate.endpoint.mvc.EndpointMvcAdapter.invoke()
2018-05-29-23-24 [restartedMain] [org.springframework.boot.actuate.endpoint.mvc.EndpointHandlerMapping] [INFO] - Mapped "{[/dump || /dump.json],methods=[GET],produces=[application/vnd.spring-boot.actuator.v1+json || application/json]}" onto public java.lang.Object org.springframework.boot.actuate.endpoint.mvc.EndpointMvcAdapter.invoke()
2018-05-29-23-24 [restartedMain] [org.springframework.boot.actuate.endpoint.mvc.EndpointHandlerMapping] [INFO] - Mapped "{[/configprops || /configprops.json],methods=[GET],produces=[application/vnd.spring-boot.actuator.v1+json || application/json]}" onto public java.lang.Object org.springframework.boot.actuate.endpoint.mvc.EndpointMvcAdapter.invoke()
2018-05-29-23-24 [restartedMain] [org.springframework.boot.devtools.autoconfigure.OptionalLiveReloadServer] [INFO] - LiveReload server is running on port 35729
2018-05-29-23-24 [restartedMain] [org.springframework.jmx.export.annotation.AnnotationMBeanExporter] [INFO] - Registering beans for JMX exposure on startup
2018-05-29-23-24 [restartedMain] [org.springframework.boot.actuate.endpoint.jmx.EndpointMBeanExporter] [INFO] - Registering beans for JMX exposure on startup
2018-05-29-23-24 [restartedMain] [org.springframework.context.support.DefaultLifecycleProcessor] [INFO] - Starting beans in phase 0
2018-05-29-23-24 [restartedMain] [org.springframework.boot.actuate.endpoint.jmx.EndpointMBeanExporter] [INFO] - Located managed bean 'auditEventsEndpoint': registering with JMX server as MBean [org.springframework.boot:type=Endpoint,name=auditEventsEndpoint]
2018-05-29-23-24 [restartedMain] [org.springframework.boot.actuate.endpoint.jmx.EndpointMBeanExporter] [INFO] - Located managed bean 'requestMappingEndpoint': registering with JMX server as MBean [org.springframework.boot:type=Endpoint,name=requestMappingEndpoint]
2018-05-29-23-24 [restartedMain] [org.springframework.boot.actuate.endpoint.jmx.EndpointMBeanExporter] [INFO] - Located managed bean 'environmentEndpoint': registering with JMX server as MBean [org.springframework.boot:type=Endpoint,name=environmentEndpoint]
2018-05-29-23-24 [restartedMain] [org.springframework.boot.actuate.endpoint.jmx.EndpointMBeanExporter] [INFO] - Located managed bean 'healthEndpoint': registering with JMX server as MBean [org.springframework.boot:type=Endpoint,name=healthEndpoint]
2018-05-29-23-24 [restartedMain] [org.springframework.boot.actuate.endpoint.jmx.EndpointMBeanExporter] [INFO] - Located managed bean 'beansEndpoint': registering with JMX server as MBean [org.springframework.boot:type=Endpoint,name=beansEndpoint]
2018-05-29-23-24 [restartedMain] [org.springframework.boot.actuate.endpoint.jmx.EndpointMBeanExporter] [INFO] - Located managed bean 'infoEndpoint': registering with JMX server as MBean [org.springframework.boot:type=Endpoint,name=infoEndpoint]
2018-05-29-23-24 [restartedMain] [org.springframework.boot.actuate.endpoint.jmx.EndpointMBeanExporter] [INFO] - Located managed bean 'loggersEndpoint': registering with JMX server as MBean [org.springframework.boot:type=Endpoint,name=loggersEndpoint]
2018-05-29-23-24 [restartedMain] [org.springframework.boot.actuate.endpoint.jmx.EndpointMBeanExporter] [INFO] - Located managed bean 'metricsEndpoint': registering with JMX server as MBean [org.springframework.boot:type=Endpoint,name=metricsEndpoint]
2018-05-29-23-24 [restartedMain] [org.springframework.boot.actuate.endpoint.jmx.EndpointMBeanExporter] [INFO] - Located managed bean 'traceEndpoint': registering with JMX server as MBean [org.springframework.boot:type=Endpoint,name=traceEndpoint]
2018-05-29-23-24 [restartedMain] [org.springframework.boot.actuate.endpoint.jmx.EndpointMBeanExporter] [INFO] - Located managed bean 'dumpEndpoint': registering with JMX server as MBean [org.springframework.boot:type=Endpoint,name=dumpEndpoint]
2018-05-29-23-24 [restartedMain] [org.springframework.boot.actuate.endpoint.jmx.EndpointMBeanExporter] [INFO] - Located managed bean 'autoConfigurationReportEndpoint': registering with JMX server as MBean [org.springframework.boot:type=Endpoint,name=autoConfigurationReportEndpoint]
2018-05-29-23-24 [restartedMain] [org.springframework.boot.actuate.endpoint.jmx.EndpointMBeanExporter] [INFO] - Located managed bean 'configurationPropertiesReportEndpoint': registering with JMX server as MBean [org.springframework.boot:type=Endpoint,name=configurationPropertiesReportEndpoint]
2018-05-29-23-24 [restartedMain] [org.springframework.boot.context.embedded.tomcat.TomcatEmbeddedServletContainer] [INFO] - Tomcat started on port(s): 8080 (http)
2018-05-29-23-24 [restartedMain] [com.iflytek.chy.App] [INFO] - Started App in 2.392 seconds (JVM running for 483.265)
2018-05-29-23-24 [http-nio-8080-exec-2] [org.springframework.web.servlet.DispatcherServlet] [INFO] - FrameworkServlet 'dispatcherServlet': initialization started
2018-05-29-23-24 [http-nio-8080-exec-2] [org.springframework.web.servlet.DispatcherServlet] [INFO] - FrameworkServlet 'dispatcherServlet': initialization completed in 9 ms
2018-05-29-23-24 [http-nio-8080-exec-2] [org.springframework.web.servlet.mvc.method.annotation.ExceptionHandlerExceptionResolver] [WARN] - Resolved exception caused by Handler execution: com.iflytek.chy.exception.MyException: advice1 - exception1
2018-05-29-23-26 [Thread-16] [org.springframework.boot.context.embedded.AnnotationConfigEmbeddedWebApplicationContext] [INFO] - Closing org.springframework.boot.context.embedded.AnnotationConfigEmbeddedWebApplicationContext@5d3527ca: startup date [Tue May 29 23:24:32 CST 2018]; root of context hierarchy
2018-05-29-23-26 [Thread-16] [org.springframework.context.support.DefaultLifecycleProcessor] [INFO] - Stopping beans in phase 0
2018-05-29-23-26 [Thread-16] [org.springframework.boot.actuate.endpoint.jmx.EndpointMBeanExporter] [INFO] - Unregistering JMX-exposed beans on shutdown
2018-05-29-23-26 [Thread-16] [org.springframework.boot.actuate.endpoint.jmx.EndpointMBeanExporter] [INFO] - Unregistering JMX-exposed beans
2018-05-29-23-26 [Thread-16] [org.springframework.jmx.export.annotation.AnnotationMBeanExporter] [INFO] - Unregistering JMX-exposed beans on shutdown
2018-05-29-23-26 [restartedMain] [com.iflytek.chy.App] [INFO] - Starting App on DESKTOP-IIAKF39 with PID 5844 (D:\JavaWorkspace\globalexception\target\classes started by chyoung in D:\JavaWorkspace\globalexception)
2018-05-29-23-26 [restartedMain] [com.iflytek.chy.App] [INFO] - No active profile set, falling back to default profiles: default
2018-05-29-23-26 [restartedMain] [org.springframework.boot.context.embedded.AnnotationConfigEmbeddedWebApplicationContext] [INFO] - Refreshing org.springframework.boot.context.embedded.AnnotationConfigEmbeddedWebApplicationContext@20f5ca76: startup date [Tue May 29 23:26:34 CST 2018]; root of context hierarchy
2018-05-29-23-26 [restartedMain] [org.springframework.boot.context.embedded.tomcat.TomcatEmbeddedServletContainer] [INFO] - Tomcat initialized with port(s): 8080 (http)
2018-05-29-23-26 [localhost-startStop-1] [org.springframework.web.context.ContextLoader] [INFO] - Root WebApplicationContext: initialization completed in 927 ms
2018-05-29-23-26 [localhost-startStop-1] [org.springframework.boot.web.servlet.ServletRegistrationBean] [INFO] - Mapping servlet: 'dispatcherServlet' to [/]
2018-05-29-23-26 [localhost-startStop-1] [org.springframework.boot.web.servlet.FilterRegistrationBean] [INFO] - Mapping filter: 'metricsFilter' to: [/*]
2018-05-29-23-26 [localhost-startStop-1] [org.springframework.boot.web.servlet.FilterRegistrationBean] [INFO] - Mapping filter: 'characterEncodingFilter' to: [/*]
2018-05-29-23-26 [localhost-startStop-1] [org.springframework.boot.web.servlet.FilterRegistrationBean] [INFO] - Mapping filter: 'hiddenHttpMethodFilter' to: [/*]
2018-05-29-23-26 [localhost-startStop-1] [org.springframework.boot.web.servlet.FilterRegistrationBean] [INFO] - Mapping filter: 'httpPutFormContentFilter' to: [/*]
2018-05-29-23-26 [localhost-startStop-1] [org.springframework.boot.web.servlet.FilterRegistrationBean] [INFO] - Mapping filter: 'requestContextFilter' to: [/*]
2018-05-29-23-26 [localhost-startStop-1] [org.springframework.boot.web.servlet.FilterRegistrationBean] [INFO] - Mapping filter: 'webRequestLoggingFilter' to: [/*]
2018-05-29-23-26 [localhost-startStop-1] [org.springframework.boot.web.servlet.FilterRegistrationBean] [INFO] - Mapping filter: 'applicationContextIdFilter' to: [/*]
2018-05-29-23-26 [restartedMain] [org.springframework.web.servlet.mvc.method.annotation.RequestMappingHandlerAdapter] [INFO] - Looking for @ControllerAdvice: org.springframework.boot.context.embedded.AnnotationConfigEmbeddedWebApplicationContext@20f5ca76: startup date [Tue May 29 23:26:34 CST 2018]; root of context hierarchy
2018-05-29-23-26 [restartedMain] [org.springframework.web.servlet.mvc.method.annotation.RequestMappingHandlerMapping] [INFO] - Mapped "{[/advice1/test1],methods=[GET]}" onto public java.lang.String com.iflytek.chy.controller.AdviceController.test1()
2018-05-29-23-26 [restartedMain] [org.springframework.web.servlet.mvc.method.annotation.RequestMappingHandlerMapping] [INFO] - Mapped "{[/advice1/test2],methods=[GET]}" onto public java.lang.String com.iflytek.chy.controller.AdviceController.test2()
2018-05-29-23-26 [restartedMain] [org.springframework.web.servlet.mvc.method.annotation.RequestMappingHandlerMapping] [INFO] - Mapped "{[/error]}" onto public org.springframework.http.ResponseEntity<java.util.Map<java.lang.String, java.lang.Object>> org.springframework.boot.autoconfigure.web.BasicErrorController.error(javax.servlet.http.HttpServletRequest)
2018-05-29-23-26 [restartedMain] [org.springframework.web.servlet.mvc.method.annotation.RequestMappingHandlerMapping] [INFO] - Mapped "{[/error],produces=[text/html]}" onto public org.springframework.web.servlet.ModelAndView org.springframework.boot.autoconfigure.web.BasicErrorController.errorHtml(javax.servlet.http.HttpServletRequest,javax.servlet.http.HttpServletResponse)
2018-05-29-23-26 [restartedMain] [org.springframework.web.servlet.handler.SimpleUrlHandlerMapping] [INFO] - Mapped URL path [/webjars/**] onto handler of type [class org.springframework.web.servlet.resource.ResourceHttpRequestHandler]
2018-05-29-23-26 [restartedMain] [org.springframework.web.servlet.handler.SimpleUrlHandlerMapping] [INFO] - Mapped URL path [/**] onto handler of type [class org.springframework.web.servlet.resource.ResourceHttpRequestHandler]
2018-05-29-23-26 [restartedMain] [org.springframework.web.servlet.mvc.method.annotation.ExceptionHandlerExceptionResolver] [INFO] - Detected @ExceptionHandler methods in myControllerAdvice
2018-05-29-23-26 [restartedMain] [org.springframework.web.servlet.handler.SimpleUrlHandlerMapping] [INFO] - Mapped URL path [/**/favicon.ico] onto handler of type [class org.springframework.web.servlet.resource.ResourceHttpRequestHandler]
2018-05-29-23-26 [restartedMain] [org.springframework.boot.actuate.endpoint.mvc.EndpointHandlerMapping] [INFO] - Mapped "{[/env/{name:.*}],methods=[GET],produces=[application/vnd.spring-boot.actuator.v1+json || application/json]}" onto public java.lang.Object org.springframework.boot.actuate.endpoint.mvc.EnvironmentMvcEndpoint.value(java.lang.String)
2018-05-29-23-26 [restartedMain] [org.springframework.boot.actuate.endpoint.mvc.EndpointHandlerMapping] [INFO] - Mapped "{[/env || /env.json],methods=[GET],produces=[application/vnd.spring-boot.actuator.v1+json || application/json]}" onto public java.lang.Object org.springframework.boot.actuate.endpoint.mvc.EndpointMvcAdapter.invoke()
2018-05-29-23-26 [restartedMain] [org.springframework.boot.actuate.endpoint.mvc.EndpointHandlerMapping] [INFO] - Mapped "{[/dump || /dump.json],methods=[GET],produces=[application/vnd.spring-boot.actuator.v1+json || application/json]}" onto public java.lang.Object org.springframework.boot.actuate.endpoint.mvc.EndpointMvcAdapter.invoke()
2018-05-29-23-26 [restartedMain] [org.springframework.boot.actuate.endpoint.mvc.EndpointHandlerMapping] [INFO] - Mapped "{[/metrics/{name:.*}],methods=[GET],produces=[application/vnd.spring-boot.actuator.v1+json || application/json]}" onto public java.lang.Object org.springframework.boot.actuate.endpoint.mvc.MetricsMvcEndpoint.value(java.lang.String)
2018-05-29-23-26 [restartedMain] [org.springframework.boot.actuate.endpoint.mvc.EndpointHandlerMapping] [INFO] - Mapped "{[/metrics || /metrics.json],methods=[GET],produces=[application/vnd.spring-boot.actuator.v1+json || application/json]}" onto public java.lang.Object org.springframework.boot.actuate.endpoint.mvc.EndpointMvcAdapter.invoke()
2018-05-29-23-26 [restartedMain] [org.springframework.boot.actuate.endpoint.mvc.EndpointHandlerMapping] [INFO] - Mapped "{[/autoconfig || /autoconfig.json],methods=[GET],produces=[application/vnd.spring-boot.actuator.v1+json || application/json]}" onto public java.lang.Object org.springframework.boot.actuate.endpoint.mvc.EndpointMvcAdapter.invoke()
2018-05-29-23-26 [restartedMain] [org.springframework.boot.actuate.endpoint.mvc.EndpointHandlerMapping] [INFO] - Mapped "{[/auditevents || /auditevents.json],methods=[GET],produces=[application/vnd.spring-boot.actuator.v1+json || application/json]}" onto public org.springframework.http.ResponseEntity<?> org.springframework.boot.actuate.endpoint.mvc.AuditEventsMvcEndpoint.findByPrincipalAndAfterAndType(java.lang.String,java.util.Date,java.lang.String)
2018-05-29-23-26 [restartedMain] [org.springframework.boot.actuate.endpoint.mvc.EndpointHandlerMapping] [INFO] - Mapped "{[/beans || /beans.json],methods=[GET],produces=[application/vnd.spring-boot.actuator.v1+json || application/json]}" onto public java.lang.Object org.springframework.boot.actuate.endpoint.mvc.EndpointMvcAdapter.invoke()
2018-05-29-23-26 [restartedMain] [org.springframework.boot.actuate.endpoint.mvc.EndpointHandlerMapping] [INFO] - Mapped "{[/trace || /trace.json],methods=[GET],produces=[application/vnd.spring-boot.actuator.v1+json || application/json]}" onto public java.lang.Object org.springframework.boot.actuate.endpoint.mvc.EndpointMvcAdapter.invoke()
2018-05-29-23-26 [restartedMain] [org.springframework.boot.actuate.endpoint.mvc.EndpointHandlerMapping] [INFO] - Mapped "{[/loggers/{name:.*}],methods=[GET],produces=[application/vnd.spring-boot.actuator.v1+json || application/json]}" onto public java.lang.Object org.springframework.boot.actuate.endpoint.mvc.LoggersMvcEndpoint.get(java.lang.String)
2018-05-29-23-26 [restartedMain] [org.springframework.boot.actuate.endpoint.mvc.EndpointHandlerMapping] [INFO] - Mapped "{[/loggers/{name:.*}],methods=[POST],consumes=[application/vnd.spring-boot.actuator.v1+json || application/json],produces=[application/vnd.spring-boot.actuator.v1+json || application/json]}" onto public java.lang.Object org.springframework.boot.actuate.endpoint.mvc.LoggersMvcEndpoint.set(java.lang.String,java.util.Map<java.lang.String, java.lang.String>)
2018-05-29-23-26 [restartedMain] [org.springframework.boot.actuate.endpoint.mvc.EndpointHandlerMapping] [INFO] - Mapped "{[/loggers || /loggers.json],methods=[GET],produces=[application/vnd.spring-boot.actuator.v1+json || application/json]}" onto public java.lang.Object org.springframework.boot.actuate.endpoint.mvc.EndpointMvcAdapter.invoke()
2018-05-29-23-26 [restartedMain] [org.springframework.boot.actuate.endpoint.mvc.EndpointHandlerMapping] [INFO] - Mapped "{[/info || /info.json],methods=[GET],produces=[application/vnd.spring-boot.actuator.v1+json || application/json]}" onto public java.lang.Object org.springframework.boot.actuate.endpoint.mvc.EndpointMvcAdapter.invoke()
2018-05-29-23-26 [restartedMain] [org.springframework.boot.actuate.endpoint.mvc.EndpointHandlerMapping] [INFO] - Mapped "{[/configprops || /configprops.json],methods=[GET],produces=[application/vnd.spring-boot.actuator.v1+json || application/json]}" onto public java.lang.Object org.springframework.boot.actuate.endpoint.mvc.EndpointMvcAdapter.invoke()
2018-05-29-23-26 [restartedMain] [org.springframework.boot.actuate.endpoint.mvc.EndpointHandlerMapping] [INFO] - Mapped "{[/health || /health.json],methods=[GET],produces=[application/vnd.spring-boot.actuator.v1+json || application/json]}" onto public java.lang.Object org.springframework.boot.actuate.endpoint.mvc.HealthMvcEndpoint.invoke(javax.servlet.http.HttpServletRequest,java.security.Principal)
2018-05-29-23-26 [restartedMain] [org.springframework.boot.actuate.endpoint.mvc.EndpointHandlerMapping] [INFO] - Mapped "{[/heapdump || /heapdump.json],methods=[GET],produces=[application/octet-stream]}" onto public void org.springframework.boot.actuate.endpoint.mvc.HeapdumpMvcEndpoint.invoke(boolean,javax.servlet.http.HttpServletRequest,javax.servlet.http.HttpServletResponse) throws java.io.IOException,javax.servlet.ServletException
2018-05-29-23-26 [restartedMain] [org.springframework.boot.actuate.endpoint.mvc.EndpointHandlerMapping] [INFO] - Mapped "{[/mappings || /mappings.json],methods=[GET],produces=[application/vnd.spring-boot.actuator.v1+json || application/json]}" onto public java.lang.Object org.springframework.boot.actuate.endpoint.mvc.EndpointMvcAdapter.invoke()
2018-05-29-23-26 [restartedMain] [org.springframework.boot.devtools.autoconfigure.OptionalLiveReloadServer] [INFO] - LiveReload server is running on port 35729
2018-05-29-23-26 [restartedMain] [org.springframework.jmx.export.annotation.AnnotationMBeanExporter] [INFO] - Registering beans for JMX exposure on startup
2018-05-29-23-26 [restartedMain] [org.springframework.boot.actuate.endpoint.jmx.EndpointMBeanExporter] [INFO] - Registering beans for JMX exposure on startup
2018-05-29-23-26 [restartedMain] [org.springframework.context.support.DefaultLifecycleProcessor] [INFO] - Starting beans in phase 0
2018-05-29-23-26 [restartedMain] [org.springframework.boot.actuate.endpoint.jmx.EndpointMBeanExporter] [INFO] - Located managed bean 'auditEventsEndpoint': registering with JMX server as MBean [org.springframework.boot:type=Endpoint,name=auditEventsEndpoint]
2018-05-29-23-26 [restartedMain] [org.springframework.boot.actuate.endpoint.jmx.EndpointMBeanExporter] [INFO] - Located managed bean 'requestMappingEndpoint': registering with JMX server as MBean [org.springframework.boot:type=Endpoint,name=requestMappingEndpoint]
2018-05-29-23-26 [restartedMain] [org.springframework.boot.actuate.endpoint.jmx.EndpointMBeanExporter] [INFO] - Located managed bean 'environmentEndpoint': registering with JMX server as MBean [org.springframework.boot:type=Endpoint,name=environmentEndpoint]
2018-05-29-23-26 [restartedMain] [org.springframework.boot.actuate.endpoint.jmx.EndpointMBeanExporter] [INFO] - Located managed bean 'healthEndpoint': registering with JMX server as MBean [org.springframework.boot:type=Endpoint,name=healthEndpoint]
2018-05-29-23-26 [restartedMain] [org.springframework.boot.actuate.endpoint.jmx.EndpointMBeanExporter] [INFO] - Located managed bean 'beansEndpoint': registering with JMX server as MBean [org.springframework.boot:type=Endpoint,name=beansEndpoint]
2018-05-29-23-26 [restartedMain] [org.springframework.boot.actuate.endpoint.jmx.EndpointMBeanExporter] [INFO] - Located managed bean 'infoEndpoint': registering with JMX server as MBean [org.springframework.boot:type=Endpoint,name=infoEndpoint]
2018-05-29-23-26 [restartedMain] [org.springframework.boot.actuate.endpoint.jmx.EndpointMBeanExporter] [INFO] - Located managed bean 'loggersEndpoint': registering with JMX server as MBean [org.springframework.boot:type=Endpoint,name=loggersEndpoint]
2018-05-29-23-26 [restartedMain] [org.springframework.boot.actuate.endpoint.jmx.EndpointMBeanExporter] [INFO] - Located managed bean 'metricsEndpoint': registering with JMX server as MBean [org.springframework.boot:type=Endpoint,name=metricsEndpoint]
2018-05-29-23-26 [restartedMain] [org.springframework.boot.actuate.endpoint.jmx.EndpointMBeanExporter] [INFO] - Located managed bean 'traceEndpoint': registering with JMX server as MBean [org.springframework.boot:type=Endpoint,name=traceEndpoint]
2018-05-29-23-26 [restartedMain] [org.springframework.boot.actuate.endpoint.jmx.EndpointMBeanExporter] [INFO] - Located managed bean 'dumpEndpoint': registering with JMX server as MBean [org.springframework.boot:type=Endpoint,name=dumpEndpoint]
2018-05-29-23-26 [restartedMain] [org.springframework.boot.actuate.endpoint.jmx.EndpointMBeanExporter] [INFO] - Located managed bean 'autoConfigurationReportEndpoint': registering with JMX server as MBean [org.springframework.boot:type=Endpoint,name=autoConfigurationReportEndpoint]
2018-05-29-23-26 [restartedMain] [org.springframework.boot.actuate.endpoint.jmx.EndpointMBeanExporter] [INFO] - Located managed bean 'configurationPropertiesReportEndpoint': registering with JMX server as MBean [org.springframework.boot:type=Endpoint,name=configurationPropertiesReportEndpoint]
2018-05-29-23-26 [restartedMain] [org.springframework.boot.context.embedded.tomcat.TomcatEmbeddedServletContainer] [INFO] - Tomcat started on port(s): 8080 (http)
2018-05-29-23-26 [restartedMain] [com.iflytek.chy.App] [INFO] - Started App in 2.128 seconds (JVM running for 605.242)
2018-05-29-23-29 [restartedMain] [com.iflytek.chy.App] [INFO] - Starting App on DESKTOP-IIAKF39 with PID 11940 (D:\JavaWorkspace\globalexception\target\classes started by chyoung in D:\JavaWorkspace\globalexception)
2018-05-29-23-29 [restartedMain] [com.iflytek.chy.App] [INFO] - No active profile set, falling back to default profiles: default
2018-05-29-23-29 [restartedMain] [org.springframework.boot.context.embedded.AnnotationConfigEmbeddedWebApplicationContext] [INFO] - Refreshing org.springframework.boot.context.embedded.AnnotationConfigEmbeddedWebApplicationContext@2d52b0eb: startup date [Tue May 29 23:29:02 CST 2018]; root of context hierarchy
2018-05-29-23-29 [background-preinit] [org.hibernate.validator.internal.util.Version] [INFO] - HV000001: Hibernate Validator 5.3.6.Final
2018-05-29-23-29 [restartedMain] [org.springframework.boot.context.embedded.tomcat.TomcatEmbeddedServletContainer] [INFO] - Tomcat initialized with port(s): 8080 (http)
2018-05-29-23-29 [localhost-startStop-1] [org.springframework.web.context.ContextLoader] [INFO] - Root WebApplicationContext: initialization completed in 3310 ms
2018-05-29-23-29 [localhost-startStop-1] [org.springframework.boot.web.servlet.ServletRegistrationBean] [INFO] - Mapping servlet: 'dispatcherServlet' to [/]
2018-05-29-23-29 [localhost-startStop-1] [org.springframework.boot.web.servlet.FilterRegistrationBean] [INFO] - Mapping filter: 'metricsFilter' to: [/*]
2018-05-29-23-29 [localhost-startStop-1] [org.springframework.boot.web.servlet.FilterRegistrationBean] [INFO] - Mapping filter: 'characterEncodingFilter' to: [/*]
2018-05-29-23-29 [localhost-startStop-1] [org.springframework.boot.web.servlet.FilterRegistrationBean] [INFO] - Mapping filter: 'hiddenHttpMethodFilter' to: [/*]
2018-05-29-23-29 [localhost-startStop-1] [org.springframework.boot.web.servlet.FilterRegistrationBean] [INFO] - Mapping filter: 'httpPutFormContentFilter' to: [/*]
2018-05-29-23-29 [localhost-startStop-1] [org.springframework.boot.web.servlet.FilterRegistrationBean] [INFO] - Mapping filter: 'requestContextFilter' to: [/*]
2018-05-29-23-29 [localhost-startStop-1] [org.springframework.boot.web.servlet.FilterRegistrationBean] [INFO] - Mapping filter: 'webRequestLoggingFilter' to: [/*]
2018-05-29-23-29 [localhost-startStop-1] [org.springframework.boot.web.servlet.FilterRegistrationBean] [INFO] - Mapping filter: 'applicationContextIdFilter' to: [/*]
2018-05-29-23-29 [restartedMain] [org.springframework.web.servlet.mvc.method.annotation.RequestMappingHandlerAdapter] [INFO] - Looking for @ControllerAdvice: org.springframework.boot.context.embedded.AnnotationConfigEmbeddedWebApplicationContext@2d52b0eb: startup date [Tue May 29 23:29:02 CST 2018]; root of context hierarchy
2018-05-29-23-29 [restartedMain] [org.springframework.web.servlet.mvc.method.annotation.RequestMappingHandlerMapping] [INFO] - Mapped "{[/advice1/test2],methods=[GET]}" onto public java.lang.String com.iflytek.chy.controller.AdviceController.test2()
2018-05-29-23-29 [restartedMain] [org.springframework.web.servlet.mvc.method.annotation.RequestMappingHandlerMapping] [INFO] - Mapped "{[/advice1/test1],methods=[GET]}" onto public java.lang.String com.iflytek.chy.controller.AdviceController.test1()
2018-05-29-23-29 [restartedMain] [org.springframework.web.servlet.mvc.method.annotation.RequestMappingHandlerMapping] [INFO] - Mapped "{[/error]}" onto public org.springframework.http.ResponseEntity<java.util.Map<java.lang.String, java.lang.Object>> org.springframework.boot.autoconfigure.web.BasicErrorController.error(javax.servlet.http.HttpServletRequest)
2018-05-29-23-29 [restartedMain] [org.springframework.web.servlet.mvc.method.annotation.RequestMappingHandlerMapping] [INFO] - Mapped "{[/error],produces=[text/html]}" onto public org.springframework.web.servlet.ModelAndView org.springframework.boot.autoconfigure.web.BasicErrorController.errorHtml(javax.servlet.http.HttpServletRequest,javax.servlet.http.HttpServletResponse)
2018-05-29-23-29 [restartedMain] [org.springframework.web.servlet.handler.SimpleUrlHandlerMapping] [INFO] - Mapped URL path [/webjars/**] onto handler of type [class org.springframework.web.servlet.resource.ResourceHttpRequestHandler]
2018-05-29-23-29 [restartedMain] [org.springframework.web.servlet.handler.SimpleUrlHandlerMapping] [INFO] - Mapped URL path [/**] onto handler of type [class org.springframework.web.servlet.resource.ResourceHttpRequestHandler]
2018-05-29-23-29 [restartedMain] [org.springframework.web.servlet.mvc.method.annotation.ExceptionHandlerExceptionResolver] [INFO] - Detected @ExceptionHandler methods in myControllerAdvice
2018-05-29-23-29 [restartedMain] [org.springframework.web.servlet.handler.SimpleUrlHandlerMapping] [INFO] - Mapped URL path [/**/favicon.ico] onto handler of type [class org.springframework.web.servlet.resource.ResourceHttpRequestHandler]
2018-05-29-23-29 [restartedMain] [org.springframework.boot.actuate.endpoint.mvc.EndpointHandlerMapping] [INFO] - Mapped "{[/auditevents || /auditevents.json],methods=[GET],produces=[application/vnd.spring-boot.actuator.v1+json || application/json]}" onto public org.springframework.http.ResponseEntity<?> org.springframework.boot.actuate.endpoint.mvc.AuditEventsMvcEndpoint.findByPrincipalAndAfterAndType(java.lang.String,java.util.Date,java.lang.String)
2018-05-29-23-29 [restartedMain] [org.springframework.boot.actuate.endpoint.mvc.EndpointHandlerMapping] [INFO] - Mapped "{[/heapdump || /heapdump.json],methods=[GET],produces=[application/octet-stream]}" onto public void org.springframework.boot.actuate.endpoint.mvc.HeapdumpMvcEndpoint.invoke(boolean,javax.servlet.http.HttpServletRequest,javax.servlet.http.HttpServletResponse) throws java.io.IOException,javax.servlet.ServletException
2018-05-29-23-29 [restartedMain] [org.springframework.boot.actuate.endpoint.mvc.EndpointHandlerMapping] [INFO] - Mapped "{[/mappings || /mappings.json],methods=[GET],produces=[application/vnd.spring-boot.actuator.v1+json || application/json]}" onto public java.lang.Object org.springframework.boot.actuate.endpoint.mvc.EndpointMvcAdapter.invoke()
2018-05-29-23-29 [restartedMain] [org.springframework.boot.actuate.endpoint.mvc.EndpointHandlerMapping] [INFO] - Mapped "{[/beans || /beans.json],methods=[GET],produces=[application/vnd.spring-boot.actuator.v1+json || application/json]}" onto public java.lang.Object org.springframework.boot.actuate.endpoint.mvc.EndpointMvcAdapter.invoke()
2018-05-29-23-29 [restartedMain] [org.springframework.boot.actuate.endpoint.mvc.EndpointHandlerMapping] [INFO] - Mapped "{[/configprops || /configprops.json],methods=[GET],produces=[application/vnd.spring-boot.actuator.v1+json || application/json]}" onto public java.lang.Object org.springframework.boot.actuate.endpoint.mvc.EndpointMvcAdapter.invoke()
2018-05-29-23-29 [restartedMain] [org.springframework.boot.actuate.endpoint.mvc.EndpointHandlerMapping] [INFO] - Mapped "{[/health || /health.json],methods=[GET],produces=[application/vnd.spring-boot.actuator.v1+json || application/json]}" onto public java.lang.Object org.springframework.boot.actuate.endpoint.mvc.HealthMvcEndpoint.invoke(javax.servlet.http.HttpServletRequest,java.security.Principal)
2018-05-29-23-29 [restartedMain] [org.springframework.boot.actuate.endpoint.mvc.EndpointHandlerMapping] [INFO] - Mapped "{[/trace || /trace.json],methods=[GET],produces=[application/vnd.spring-boot.actuator.v1+json || application/json]}" onto public java.lang.Object org.springframework.boot.actuate.endpoint.mvc.EndpointMvcAdapter.invoke()
2018-05-29-23-29 [restartedMain] [org.springframework.boot.actuate.endpoint.mvc.EndpointHandlerMapping] [INFO] - Mapped "{[/metrics/{name:.*}],methods=[GET],produces=[application/vnd.spring-boot.actuator.v1+json || application/json]}" onto public java.lang.Object org.springframework.boot.actuate.endpoint.mvc.MetricsMvcEndpoint.value(java.lang.String)
2018-05-29-23-29 [restartedMain] [org.springframework.boot.actuate.endpoint.mvc.EndpointHandlerMapping] [INFO] - Mapped "{[/metrics || /metrics.json],methods=[GET],produces=[application/vnd.spring-boot.actuator.v1+json || application/json]}" onto public java.lang.Object org.springframework.boot.actuate.endpoint.mvc.EndpointMvcAdapter.invoke()
2018-05-29-23-29 [restartedMain] [org.springframework.boot.actuate.endpoint.mvc.EndpointHandlerMapping] [INFO] - Mapped "{[/env/{name:.*}],methods=[GET],produces=[application/vnd.spring-boot.actuator.v1+json || application/json]}" onto public java.lang.Object org.springframework.boot.actuate.endpoint.mvc.EnvironmentMvcEndpoint.value(java.lang.String)
2018-05-29-23-29 [restartedMain] [org.springframework.boot.actuate.endpoint.mvc.EndpointHandlerMapping] [INFO] - Mapped "{[/env || /env.json],methods=[GET],produces=[application/vnd.spring-boot.actuator.v1+json || application/json]}" onto public java.lang.Object org.springframework.boot.actuate.endpoint.mvc.EndpointMvcAdapter.invoke()
2018-05-29-23-29 [restartedMain] [org.springframework.boot.actuate.endpoint.mvc.EndpointHandlerMapping] [INFO] - Mapped "{[/loggers/{name:.*}],methods=[GET],produces=[application/vnd.spring-boot.actuator.v1+json || application/json]}" onto public java.lang.Object org.springframework.boot.actuate.endpoint.mvc.LoggersMvcEndpoint.get(java.lang.String)
2018-05-29-23-29 [restartedMain] [org.springframework.boot.actuate.endpoint.mvc.EndpointHandlerMapping] [INFO] - Mapped "{[/loggers/{name:.*}],methods=[POST],consumes=[application/vnd.spring-boot.actuator.v1+json || application/json],produces=[application/vnd.spring-boot.actuator.v1+json || application/json]}" onto public java.lang.Object org.springframework.boot.actuate.endpoint.mvc.LoggersMvcEndpoint.set(java.lang.String,java.util.Map<java.lang.String, java.lang.String>)
2018-05-29-23-29 [restartedMain] [org.springframework.boot.actuate.endpoint.mvc.EndpointHandlerMapping] [INFO] - Mapped "{[/loggers || /loggers.json],methods=[GET],produces=[application/vnd.spring-boot.actuator.v1+json || application/json]}" onto public java.lang.Object org.springframework.boot.actuate.endpoint.mvc.EndpointMvcAdapter.invoke()
2018-05-29-23-29 [restartedMain] [org.springframework.boot.actuate.endpoint.mvc.EndpointHandlerMapping] [INFO] - Mapped "{[/dump || /dump.json],methods=[GET],produces=[application/vnd.spring-boot.actuator.v1+json || application/json]}" onto public java.lang.Object org.springframework.boot.actuate.endpoint.mvc.EndpointMvcAdapter.invoke()
2018-05-29-23-29 [restartedMain] [org.springframework.boot.actuate.endpoint.mvc.EndpointHandlerMapping] [INFO] - Mapped "{[/info || /info.json],methods=[GET],produces=[application/vnd.spring-boot.actuator.v1+json || application/json]}" onto public java.lang.Object org.springframework.boot.actuate.endpoint.mvc.EndpointMvcAdapter.invoke()
2018-05-29-23-29 [restartedMain] [org.springframework.boot.actuate.endpoint.mvc.EndpointHandlerMapping] [INFO] - Mapped "{[/autoconfig || /autoconfig.json],methods=[GET],produces=[application/vnd.spring-boot.actuator.v1+json || application/json]}" onto public java.lang.Object org.springframework.boot.actuate.endpoint.mvc.EndpointMvcAdapter.invoke()
2018-05-29-23-29 [restartedMain] [org.springframework.boot.devtools.autoconfigure.OptionalLiveReloadServer] [INFO] - LiveReload server is running on port 35729
2018-05-29-23-29 [restartedMain] [org.springframework.jmx.export.annotation.AnnotationMBeanExporter] [INFO] - Registering beans for JMX exposure on startup
2018-05-29-23-29 [restartedMain] [org.springframework.boot.actuate.endpoint.jmx.EndpointMBeanExporter] [INFO] - Registering beans for JMX exposure on startup
2018-05-29-23-29 [restartedMain] [org.springframework.context.support.DefaultLifecycleProcessor] [INFO] - Starting beans in phase 0
2018-05-29-23-29 [restartedMain] [org.springframework.boot.actuate.endpoint.jmx.EndpointMBeanExporter] [INFO] - Located managed bean 'auditEventsEndpoint': registering with JMX server as MBean [org.springframework.boot:type=Endpoint,name=auditEventsEndpoint]
2018-05-29-23-29 [restartedMain] [org.springframework.boot.actuate.endpoint.jmx.EndpointMBeanExporter] [INFO] - Located managed bean 'requestMappingEndpoint': registering with JMX server as MBean [org.springframework.boot:type=Endpoint,name=requestMappingEndpoint]
2018-05-29-23-29 [restartedMain] [org.springframework.boot.actuate.endpoint.jmx.EndpointMBeanExporter] [INFO] - Located managed bean 'environmentEndpoint': registering with JMX server as MBean [org.springframework.boot:type=Endpoint,name=environmentEndpoint]
2018-05-29-23-29 [restartedMain] [org.springframework.boot.actuate.endpoint.jmx.EndpointMBeanExporter] [INFO] - Located managed bean 'healthEndpoint': registering with JMX server as MBean [org.springframework.boot:type=Endpoint,name=healthEndpoint]
2018-05-29-23-29 [restartedMain] [org.springframework.boot.actuate.endpoint.jmx.EndpointMBeanExporter] [INFO] - Located managed bean 'beansEndpoint': registering with JMX server as MBean [org.springframework.boot:type=Endpoint,name=beansEndpoint]
2018-05-29-23-29 [restartedMain] [org.springframework.boot.actuate.endpoint.jmx.EndpointMBeanExporter] [INFO] - Located managed bean 'infoEndpoint': registering with JMX server as MBean [org.springframework.boot:type=Endpoint,name=infoEndpoint]
2018-05-29-23-29 [restartedMain] [org.springframework.boot.actuate.endpoint.jmx.EndpointMBeanExporter] [INFO] - Located managed bean 'loggersEndpoint': registering with JMX server as MBean [org.springframework.boot:type=Endpoint,name=loggersEndpoint]
2018-05-29-23-29 [restartedMain] [org.springframework.boot.actuate.endpoint.jmx.EndpointMBeanExporter] [INFO] - Located managed bean 'metricsEndpoint': registering with JMX server as MBean [org.springframework.boot:type=Endpoint,name=metricsEndpoint]
2018-05-29-23-29 [restartedMain] [org.springframework.boot.actuate.endpoint.jmx.EndpointMBeanExporter] [INFO] - Located managed bean 'traceEndpoint': registering with JMX server as MBean [org.springframework.boot:type=Endpoint,name=traceEndpoint]
2018-05-29-23-29 [restartedMain] [org.springframework.boot.actuate.endpoint.jmx.EndpointMBeanExporter] [INFO] - Located managed bean 'dumpEndpoint': registering with JMX server as MBean [org.springframework.boot:type=Endpoint,name=dumpEndpoint]
2018-05-29-23-29 [restartedMain] [org.springframework.boot.actuate.endpoint.jmx.EndpointMBeanExporter] [INFO] - Located managed bean 'autoConfigurationReportEndpoint': registering with JMX server as MBean [org.springframework.boot:type=Endpoint,name=autoConfigurationReportEndpoint]
2018-05-29-23-29 [restartedMain] [org.springframework.boot.actuate.endpoint.jmx.EndpointMBeanExporter] [INFO] - Located managed bean 'configurationPropertiesReportEndpoint': registering with JMX server as MBean [org.springframework.boot:type=Endpoint,name=configurationPropertiesReportEndpoint]
2018-05-29-23-29 [restartedMain] [org.springframework.boot.context.embedded.tomcat.TomcatEmbeddedServletContainer] [INFO] - Tomcat started on port(s): 8080 (http)
2018-05-29-23-29 [restartedMain] [com.iflytek.chy.App] [INFO] - Started App in 6.111 seconds (JVM running for 6.763)
